2024-10-06 05:20:44 am | info | genix : Socket IO server listening on port 3000
2024-10-06 05:20:55 am | error | db_manager : Error: connect ETIMEDOUT
2024-10-06 05:20:55 am | error | db_manager : GetDeviceState : Error: connect ETIMEDOUT
2024-10-06 05:20:56 am | error | db_manager : Error: connect ETIMEDOUT
2024-10-06 05:20:56 am | error | db_manager : GetDeviceState : Error: connect ETIMEDOUT
2024-10-06 05:20:57 am | error | db_manager : Error: connect ETIMEDOUT
2024-10-06 05:20:57 am | error | db_manager : GetDeviceState : Error: connect ETIMEDOUT
2024-10-06 05:20:58 am | error | db_manager : Error: connect ETIMEDOUT
2024-10-06 05:20:58 am | error | db_manager : GetDeviceState : Error: connect ETIMEDOUT
2024-10-06 05:20:59 am | error | db_manager : Error: connect ETIMEDOUT
2024-10-06 05:20:59 am | error | db_manager : GetDeviceState : Error: connect ETIMEDOUT
2024-10-06 05:21:00 am | error | db_manager : Error: connect ETIMEDOUT
2024-10-06 05:21:00 am | error | db_manager : GetDeviceState : Error: connect ETIMEDOUT
2024-10-06 05:21:01 am | error | db_manager : Error: connect ETIMEDOUT
2024-10-06 05:21:01 am | error | db_manager : GetDeviceState : Error: connect ETIMEDOUT
2024-10-06 05:21:01 am | error | db_manager : Error: connect ETIMEDOUT
2024-10-06 05:21:01 am | error | db_manager : SaveDummyData : undefined 
  Error: connect ETIMEDOUT
2024-10-06 05:21:02 am | error | db_manager : Error: connect ETIMEDOUT
2024-10-06 05:21:02 am | error | db_manager : GetDeviceState : Error: connect ETIMEDOUT
2024-10-06 05:21:03 am | error | db_manager : Error: connect ETIMEDOUT
2024-10-06 05:21:03 am | error | db_manager : GetDeviceState : Error: connect ETIMEDOUT
2024-10-06 05:21:05 am | error | db_manager : Error: connect ETIMEDOUT
2024-10-06 05:21:05 am | error | db_manager : GetDeviceState : Error: connect ETIMEDOUT
2024-10-06 05:21:06 am | error | db_manager : Error: connect ETIMEDOUT
2024-10-06 05:21:06 am | error | db_manager : GetDeviceState : Error: connect ETIMEDOUT
2024-10-06 05:21:07 am | error | db_manager : Error: connect ETIMEDOUT
2024-10-06 05:21:07 am | error | db_manager : GetDeviceState : Error: connect ETIMEDOUT
2024-10-06 05:21:08 am | error | db_manager : Error: connect ETIMEDOUT
2024-10-06 05:21:08 am | error | db_manager : GetDeviceState : Error: connect ETIMEDOUT
2024-10-06 05:21:09 am | error | db_manager : Error: connect ETIMEDOUT
2024-10-06 05:21:09 am | error | db_manager : GetDeviceState : Error: connect ETIMEDOUT
2024-10-06 05:21:10 am | error | db_manager : Error: connect ETIMEDOUT
2024-10-06 05:21:10 am | error | db_manager : GetDeviceState : Error: connect ETIMEDOUT
2024-10-06 05:21:11 am | error | db_manager : Error: connect ETIMEDOUT
2024-10-06 05:21:11 am | error | db_manager : GetDeviceState : Error: connect ETIMEDOUT
2024-10-06 05:21:11 am | error | db_manager : Error: connect ETIMEDOUT
2024-10-06 05:21:11 am | error | db_manager : SaveDummyData : undefined 
  Error: connect ETIMEDOUT
2024-10-06 05:21:12 am | error | db_manager : Error: connect ETIMEDOUT
2024-10-06 05:21:12 am | error | db_manager : GetDeviceState : Error: connect ETIMEDOUT
2024-10-06 05:21:13 am | error | db_manager : Error: connect ETIMEDOUT
2024-10-06 05:21:13 am | error | db_manager : GetDeviceState : Error: connect ETIMEDOUT
2024-10-06 05:21:15 am | error | db_manager : Error: connect ETIMEDOUT
2024-10-06 05:21:15 am | error | db_manager : GetDeviceState : Error: connect ETIMEDOUT
2024-10-06 05:21:16 am | error | db_manager : Error: connect ETIMEDOUT
2024-10-06 05:21:16 am | error | db_manager : GetDeviceState : Error: connect ETIMEDOUT
2024-10-06 05:21:17 am | error | db_manager : Error: connect ETIMEDOUT
2024-10-06 05:21:17 am | error | db_manager : GetDeviceState : Error: connect ETIMEDOUT
2024-10-06 05:21:18 am | error | db_manager : Error: connect ETIMEDOUT
2024-10-06 05:21:18 am | error | db_manager : GetDeviceState : Error: connect ETIMEDOUT
2024-10-06 05:21:19 am | error | db_manager : Error: connect ETIMEDOUT
2024-10-06 05:21:19 am | error | db_manager : GetDeviceState : Error: connect ETIMEDOUT
2024-10-06 05:21:20 am | error | db_manager : Error: connect ETIMEDOUT
2024-10-06 05:21:20 am | error | db_manager : GetDeviceState : Error: connect ETIMEDOUT
2024-10-06 05:21:21 am | error | db_manager : Error: connect ETIMEDOUT
2024-10-06 05:21:21 am | error | db_manager : GetDeviceState : Error: connect ETIMEDOUT
2024-10-06 05:21:21 am | error | db_manager : Error: connect ETIMEDOUT
2024-10-06 05:21:21 am | error | db_manager : GetDeviceState : Error: connect ETIMEDOUT
2024-10-06 05:21:22 am | error | db_manager : Error: connect ETIMEDOUT
2024-10-06 05:21:22 am | error | db_manager : SaveDummyData : undefined 
  Error: connect ETIMEDOUT
2024-10-06 05:21:23 am | error | db_manager : Error: connect ETIMEDOUT
2024-10-06 05:21:23 am | error | db_manager : GetDeviceState : Error: connect ETIMEDOUT
2024-10-06 05:21:25 am | error | db_manager : Error: connect ETIMEDOUT
2024-10-06 05:21:25 am | error | db_manager : GetDeviceState : Error: connect ETIMEDOUT
2024-10-06 05:21:26 am | error | db_manager : Error: connect ETIMEDOUT
2024-10-06 05:21:26 am | error | db_manager : GetDeviceState : Error: connect ETIMEDOUT
2024-10-06 05:21:27 am | error | db_manager : Error: connect ETIMEDOUT
2024-10-06 05:21:27 am | error | db_manager : GetDeviceState : Error: connect ETIMEDOUT
2024-10-06 05:21:28 am | error | db_manager : Error: connect ETIMEDOUT
2024-10-06 05:21:28 am | error | db_manager : GetDeviceState : Error: connect ETIMEDOUT
2024-10-06 05:21:29 am | error | db_manager : Error: connect ETIMEDOUT
2024-10-06 05:21:29 am | error | db_manager : GetDeviceState : Error: connect ETIMEDOUT
2024-10-06 05:21:30 am | error | db_manager : Error: connect ETIMEDOUT
2024-10-06 05:21:30 am | error | db_manager : GetDeviceState : Error: connect ETIMEDOUT
2024-10-06 05:21:31 am | error | db_manager : Error: connect ETIMEDOUT
2024-10-06 05:21:31 am | error | db_manager : GetDeviceState : Error: connect ETIMEDOUT
2024-10-06 05:21:31 am | error | db_manager : Error: connect ETIMEDOUT
2024-10-06 05:21:31 am | error | db_manager : GetDeviceState : Error: connect ETIMEDOUT
2024-10-06 05:21:32 am | error | db_manager : Error: connect ETIMEDOUT
2024-10-06 05:21:32 am | error | db_manager : GetDeviceState : Error: connect ETIMEDOUT
2024-10-06 05:21:33 am | error | db_manager : Error: connect ETIMEDOUT
2024-10-06 05:21:33 am | error | db_manager : GetDeviceState : Error: connect ETIMEDOUT
2024-10-06 05:21:35 am | error | db_manager : Error: connect ETIMEDOUT
2024-10-06 05:21:35 am | error | db_manager : SaveDummyData : undefined 
  Error: connect ETIMEDOUT
2024-10-06 05:21:36 am | error | db_manager : Error: connect ETIMEDOUT
2024-10-06 05:21:36 am | error | db_manager : GetDeviceState : Error: connect ETIMEDOUT
2024-10-06 05:21:37 am | error | db_manager : Error: connect ETIMEDOUT
2024-10-06 05:21:37 am | error | db_manager : GetDeviceState : Error: connect ETIMEDOUT
2024-10-06 05:21:38 am | error | db_manager : Error: connect ETIMEDOUT
2024-10-06 05:21:38 am | error | db_manager : GetDeviceState : Error: connect ETIMEDOUT
2024-10-06 05:21:39 am | error | db_manager : Error: connect ETIMEDOUT
2024-10-06 05:21:39 am | error | db_manager : GetDeviceState : Error: connect ETIMEDOUT
2024-10-06 05:21:40 am | error | db_manager : Error: connect ETIMEDOUT
2024-10-06 05:21:40 am | error | db_manager : GetDeviceState : Error: connect ETIMEDOUT
2024-10-06 05:21:41 am | error | db_manager : Error: connect ETIMEDOUT
2024-10-06 05:21:41 am | error | db_manager : GetDeviceState : Error: connect ETIMEDOUT
2024-10-06 05:21:41 am | error | db_manager : Error: connect ETIMEDOUT
2024-10-06 05:21:41 am | error | db_manager : GetDeviceState : Error: connect ETIMEDOUT
2024-10-06 05:21:42 am | error | db_manager : Error: connect ETIMEDOUT
2024-10-06 05:21:42 am | error | db_manager : GetDeviceState : Error: connect ETIMEDOUT
2024-10-06 05:21:43 am | error | db_manager : Error: connect ETIMEDOUT
2024-10-06 05:21:43 am | error | db_manager : GetDeviceState : Error: connect ETIMEDOUT
2024-10-06 05:22:16 am | info | genix : Socket IO server listening on port 3000
2024-10-06 05:22:27 am | error | db_manager : Error: connect ETIMEDOUT
2024-10-06 05:22:27 am | error | db_manager : GetDeviceState : Error: connect ETIMEDOUT
2024-10-06 05:22:28 am | error | db_manager : Error: connect ETIMEDOUT
2024-10-06 05:22:28 am | error | db_manager : GetDeviceState : Error: connect ETIMEDOUT
2024-10-06 05:22:29 am | error | db_manager : Error: connect ETIMEDOUT
2024-10-06 05:22:29 am | error | db_manager : GetDeviceState : Error: connect ETIMEDOUT
2024-10-06 05:22:30 am | error | db_manager : Error: connect ETIMEDOUT
2024-10-06 05:22:30 am | error | db_manager : GetDeviceState : Error: connect ETIMEDOUT
2024-10-06 05:22:30 am | error | db_manager : Error: connect ETIMEDOUT
2024-10-06 05:22:30 am | error | db_manager : SaveDummyData : undefined 
  Error: connect ETIMEDOUT
2024-10-06 05:22:31 am | error | db_manager : Error: connect ETIMEDOUT
2024-10-06 05:22:31 am | error | db_manager : GetDeviceState : Error: connect ETIMEDOUT
2024-10-06 05:22:32 am | error | db_manager : Error: connect ETIMEDOUT
2024-10-06 05:22:32 am | error | db_manager : GetDeviceState : Error: connect ETIMEDOUT
2024-10-06 05:22:33 am | error | db_manager : Error: connect ETIMEDOUT
2024-10-06 05:22:33 am | error | db_manager : GetDeviceState : Error: connect ETIMEDOUT
2024-10-06 05:22:34 am | error | db_manager : Error: connect ETIMEDOUT
2024-10-06 05:22:34 am | error | db_manager : GetDeviceState : Error: connect ETIMEDOUT
2024-10-06 05:22:35 am | error | db_manager : Error: connect ETIMEDOUT
2024-10-06 05:22:35 am | error | db_manager : GetDeviceState : Error: connect ETIMEDOUT
2024-10-06 05:22:37 am | error | db_manager : Error: connect ETIMEDOUT
2024-10-06 05:22:37 am | error | db_manager : GetDeviceState : Error: connect ETIMEDOUT
2024-10-06 05:22:38 am | error | db_manager : Error: connect ETIMEDOUT
2024-10-06 05:22:38 am | error | db_manager : GetDeviceState : Error: connect ETIMEDOUT
2024-10-06 05:22:39 am | error | db_manager : Error: connect ETIMEDOUT
2024-10-06 05:22:39 am | error | db_manager : GetDeviceState : Error: connect ETIMEDOUT
2024-10-06 05:22:40 am | error | db_manager : Error: connect ETIMEDOUT
2024-10-06 05:22:40 am | error | db_manager : GetDeviceState : Error: connect ETIMEDOUT
2024-10-06 05:22:40 am | error | db_manager : Error: connect ETIMEDOUT
2024-10-06 05:22:40 am | error | db_manager : GetDeviceState : Error: connect ETIMEDOUT
2024-10-06 05:22:41 am | error | db_manager : Error: connect ETIMEDOUT
2024-10-06 05:22:41 am | error | db_manager : SaveDummyData : undefined 
  Error: connect ETIMEDOUT
2024-10-06 05:22:42 am | error | db_manager : Error: connect ETIMEDOUT
2024-10-06 05:22:42 am | error | db_manager : GetDeviceState : Error: connect ETIMEDOUT
2024-10-06 05:22:43 am | error | db_manager : Error: connect ETIMEDOUT
2024-10-06 05:22:43 am | error | db_manager : GetDeviceState : Error: connect ETIMEDOUT
2024-10-06 05:22:44 am | error | db_manager : Error: connect ETIMEDOUT
2024-10-06 05:22:44 am | error | db_manager : GetDeviceState : Error: connect ETIMEDOUT
2024-10-06 05:22:45 am | error | db_manager : Error: connect ETIMEDOUT
2024-10-06 05:22:45 am | error | db_manager : GetDeviceState : Error: connect ETIMEDOUT
2024-10-06 05:22:47 am | error | db_manager : Error: connect ETIMEDOUT
2024-10-06 05:22:47 am | error | db_manager : GetDeviceState : Error: connect ETIMEDOUT
2024-10-06 05:22:48 am | error | db_manager : Error: connect ETIMEDOUT
2024-10-06 05:22:48 am | error | db_manager : GetDeviceState : Error: connect ETIMEDOUT
2024-10-06 05:22:49 am | error | db_manager : Error: connect ETIMEDOUT
2024-10-06 05:22:49 am | error | db_manager : GetDeviceState : Error: connect ETIMEDOUT
2024-10-06 05:22:50 am | error | db_manager : Error: connect ETIMEDOUT
2024-10-06 05:22:50 am | error | db_manager : GetDeviceState : Error: connect ETIMEDOUT
2024-10-06 05:22:50 am | error | db_manager : Error: connect ETIMEDOUT
2024-10-06 05:22:50 am | error | db_manager : GetDeviceState : Error: connect ETIMEDOUT
2024-10-06 05:22:51 am | error | db_manager : Error: connect ETIMEDOUT
2024-10-06 05:22:51 am | error | db_manager : GetDeviceState : Error: connect ETIMEDOUT
2024-10-06 05:22:52 am | error | db_manager : Error: connect ETIMEDOUT
2024-10-06 05:22:52 am | error | db_manager : SaveDummyData : undefined 
  Error: connect ETIMEDOUT
2024-10-06 05:22:53 am | error | db_manager : Error: connect ETIMEDOUT
2024-10-06 05:22:53 am | error | db_manager : GetDeviceState : Error: connect ETIMEDOUT
2024-10-06 05:22:54 am | error | db_manager : Error: connect ETIMEDOUT
2024-10-06 05:22:54 am | error | db_manager : GetDeviceState : Error: connect ETIMEDOUT
2024-10-06 05:22:55 am | error | db_manager : Error: connect ETIMEDOUT
2024-10-06 05:22:55 am | error | db_manager : GetDeviceState : Error: connect ETIMEDOUT
2024-10-06 05:22:57 am | error | db_manager : Error: connect ETIMEDOUT
2024-10-06 05:22:57 am | error | db_manager : GetDeviceState : Error: connect ETIMEDOUT
2024-10-06 05:22:58 am | error | db_manager : Error: connect ETIMEDOUT
2024-10-06 05:22:58 am | error | db_manager : GetDeviceState : Error: connect ETIMEDOUT
2024-10-06 05:22:59 am | error | db_manager : Error: connect ETIMEDOUT
2024-10-06 05:22:59 am | error | db_manager : GetDeviceState : Error: connect ETIMEDOUT
2024-10-06 05:23:00 am | error | db_manager : Error: connect ETIMEDOUT
2024-10-06 05:23:00 am | error | db_manager : GetDeviceState : Error: connect ETIMEDOUT
2024-10-06 05:23:00 am | error | db_manager : Error: connect ETIMEDOUT
2024-10-06 05:23:00 am | error | db_manager : GetDeviceState : Error: connect ETIMEDOUT
2024-10-06 05:23:01 am | error | db_manager : Error: connect ETIMEDOUT
2024-10-06 05:23:01 am | error | db_manager : GetDeviceState : Error: connect ETIMEDOUT
2024-10-06 05:23:02 am | error | db_manager : Error: connect ETIMEDOUT
2024-10-06 05:23:02 am | error | db_manager : GetDeviceState : Error: connect ETIMEDOUT
2024-10-06 05:23:03 am | error | db_manager : Error: connect ETIMEDOUT
2024-10-06 05:23:03 am | error | db_manager : GetDeviceState : Error: connect ETIMEDOUT
2024-10-06 05:23:04 am | error | db_manager : Error: connect ETIMEDOUT
2024-10-06 05:23:04 am | error | db_manager : SaveDummyData : undefined 
  Error: connect ETIMEDOUT
2024-10-06 05:23:05 am | error | db_manager : Error: connect ETIMEDOUT
2024-10-06 05:23:05 am | error | db_manager : GetDeviceState : Error: connect ETIMEDOUT
2024-10-06 05:23:07 am | error | db_manager : Error: connect ETIMEDOUT
2024-10-06 05:23:07 am | error | db_manager : GetDeviceState : Error: connect ETIMEDOUT
2024-10-06 05:23:08 am | error | db_manager : Error: connect ETIMEDOUT
2024-10-06 05:23:08 am | error | db_manager : GetDeviceState : Error: connect ETIMEDOUT
2024-10-06 05:23:09 am | error | db_manager : Error: connect ETIMEDOUT
2024-10-06 05:23:09 am | error | db_manager : GetDeviceState : Error: connect ETIMEDOUT
2024-10-06 05:23:10 am | error | db_manager : Error: connect ETIMEDOUT
2024-10-06 05:23:10 am | error | db_manager : GetDeviceState : Error: connect ETIMEDOUT
2024-10-06 05:23:10 am | error | db_manager : Error: connect ETIMEDOUT
2024-10-06 05:23:10 am | error | db_manager : GetDeviceState : Error: connect ETIMEDOUT
2024-10-06 05:23:11 am | error | db_manager : Error: connect ETIMEDOUT
2024-10-06 05:23:11 am | error | db_manager : GetDeviceState : Error: connect ETIMEDOUT
2024-10-06 05:23:12 am | error | db_manager : Error: connect ETIMEDOUT
2024-10-06 05:23:12 am | error | db_manager : GetDeviceState : Error: connect ETIMEDOUT
2024-10-06 05:23:13 am | error | db_manager : Error: connect ETIMEDOUT
2024-10-06 05:23:13 am | error | db_manager : GetDeviceState : Error: connect ETIMEDOUT
2024-10-06 05:23:14 am | error | db_manager : Error: connect ETIMEDOUT
2024-10-06 05:23:14 am | error | db_manager : GetDeviceState : Error: connect ETIMEDOUT
2024-10-06 05:23:15 am | error | db_manager : Error: connect ETIMEDOUT
2024-10-06 05:23:15 am | error | db_manager : GetDeviceState : Error: connect ETIMEDOUT
2024-10-06 05:23:17 am | error | db_manager : Error: connect ETIMEDOUT
2024-10-06 05:23:17 am | error | db_manager : GetDeviceState : Error: connect ETIMEDOUT
2024-10-06 05:23:18 am | error | db_manager : Error: connect ETIMEDOUT
2024-10-06 05:23:18 am | error | db_manager : SaveDummyData : undefined 
  Error: connect ETIMEDOUT
2024-10-06 05:23:19 am | error | db_manager : Error: connect ETIMEDOUT
2024-10-06 05:23:19 am | error | db_manager : GetDeviceState : Error: connect ETIMEDOUT
2024-10-06 05:23:20 am | error | db_manager : Error: connect ETIMEDOUT
2024-10-06 05:23:20 am | error | db_manager : GetDeviceState : Error: connect ETIMEDOUT
2024-10-06 05:23:20 am | error | db_manager : Error: connect ETIMEDOUT
2024-10-06 05:23:20 am | error | db_manager : GetDeviceState : Error: connect ETIMEDOUT
2024-10-06 05:23:21 am | error | db_manager : Error: connect ETIMEDOUT
2024-10-06 05:23:21 am | error | db_manager : GetDeviceState : Error: connect ETIMEDOUT
2024-10-06 05:23:22 am | error | db_manager : Error: connect ETIMEDOUT
2024-10-06 05:23:22 am | error | db_manager : GetDeviceState : Error: connect ETIMEDOUT
2024-10-06 05:23:23 am | error | db_manager : Error: connect ETIMEDOUT
2024-10-06 05:23:23 am | error | db_manager : GetDeviceState : Error: connect ETIMEDOUT
2024-10-06 05:23:24 am | error | db_manager : Error: connect ETIMEDOUT
2024-10-06 05:23:24 am | error | db_manager : GetDeviceState : Error: connect ETIMEDOUT
2024-10-06 05:23:25 am | error | db_manager : Error: connect ETIMEDOUT
2024-10-06 05:23:25 am | error | db_manager : GetDeviceState : Error: connect ETIMEDOUT
2024-10-06 05:23:27 am | error | db_manager : Error: connect ETIMEDOUT
2024-10-06 05:23:27 am | error | db_manager : GetDeviceState : Error: connect ETIMEDOUT
2024-10-06 05:23:28 am | error | db_manager : Error: connect ETIMEDOUT
2024-10-06 05:23:28 am | error | db_manager : GetDeviceState : Error: connect ETIMEDOUT
2024-10-06 05:23:29 am | error | db_manager : Error: connect ETIMEDOUT
2024-10-06 05:23:29 am | error | db_manager : GetDeviceState : Error: connect ETIMEDOUT
2024-10-06 05:23:30 am | error | db_manager : Error: connect ETIMEDOUT
2024-10-06 05:23:30 am | error | db_manager : GetDeviceState : Error: connect ETIMEDOUT
2024-10-06 05:23:30 am | error | db_manager : Error: connect ETIMEDOUT
2024-10-06 05:23:30 am | error | db_manager : GetDeviceState : Error: connect ETIMEDOUT
2024-10-06 05:23:31 am | error | db_manager : Error: connect ETIMEDOUT
2024-10-06 05:23:31 am | error | db_manager : GetDeviceState : Error: connect ETIMEDOUT
2024-10-06 05:23:32 am | error | db_manager : Error: connect ETIMEDOUT
2024-10-06 05:23:32 am | error | db_manager : SaveDummyData : undefined 
  Error: connect ETIMEDOUT
2024-10-06 05:23:33 am | error | db_manager : Error: connect ETIMEDOUT
2024-10-06 05:23:33 am | error | db_manager : GetDeviceState : Error: connect ETIMEDOUT
2024-10-06 05:23:34 am | error | db_manager : Error: connect ETIMEDOUT
2024-10-06 05:23:34 am | error | db_manager : GetDeviceState : Error: connect ETIMEDOUT
2024-10-06 05:23:35 am | error | db_manager : Error: connect ETIMEDOUT
2024-10-06 05:23:35 am | error | db_manager : GetDeviceState : Error: connect ETIMEDOUT
2024-10-06 05:23:37 am | error | db_manager : Error: connect ETIMEDOUT
2024-10-06 05:23:37 am | error | db_manager : GetDeviceState : Error: connect ETIMEDOUT
2024-10-06 05:23:38 am | error | db_manager : Error: connect ETIMEDOUT
2024-10-06 05:23:38 am | error | db_manager : GetDeviceState : Error: connect ETIMEDOUT
2024-10-06 05:23:39 am | error | db_manager : Error: connect ETIMEDOUT
2024-10-06 05:23:39 am | error | db_manager : GetDeviceState : Error: connect ETIMEDOUT
2024-10-06 05:23:40 am | error | db_manager : Error: connect ETIMEDOUT
2024-10-06 05:23:40 am | error | db_manager : GetDeviceState : Error: connect ETIMEDOUT
2024-10-06 05:23:40 am | error | db_manager : Error: connect ETIMEDOUT
2024-10-06 05:23:40 am | error | db_manager : GetDeviceState : Error: connect ETIMEDOUT
2024-10-06 05:23:41 am | error | db_manager : Error: connect ETIMEDOUT
2024-10-06 05:23:41 am | error | db_manager : GetDeviceState : Error: connect ETIMEDOUT
2024-10-06 05:23:42 am | error | db_manager : Error: connect ETIMEDOUT
2024-10-06 05:23:42 am | error | db_manager : GetDeviceState : Error: connect ETIMEDOUT
2024-10-06 05:23:43 am | error | db_manager : Error: connect ETIMEDOUT
2024-10-06 05:23:43 am | error | db_manager : GetDeviceState : Error: connect ETIMEDOUT
2024-10-06 05:23:44 am | error | db_manager : Error: connect ETIMEDOUT
2024-10-06 05:23:44 am | error | db_manager : GetDeviceState : Error: connect ETIMEDOUT
2024-10-06 05:23:45 am | error | db_manager : Error: connect ETIMEDOUT
2024-10-06 05:23:45 am | error | db_manager : GetDeviceState : Error: connect ETIMEDOUT
2024-10-06 05:23:47 am | error | db_manager : Error: connect ETIMEDOUT
2024-10-06 05:23:47 am | error | db_manager : GetDeviceState : Error: connect ETIMEDOUT
2024-10-06 05:23:48 am | error | db_manager : Error: connect ETIMEDOUT
2024-10-06 05:23:48 am | error | db_manager : SaveDummyData : undefined 
  Error: connect ETIMEDOUT
2024-10-06 05:23:49 am | error | db_manager : Error: connect ETIMEDOUT
2024-10-06 05:23:49 am | error | db_manager : GetDeviceState : Error: connect ETIMEDOUT
2024-10-06 05:23:50 am | error | db_manager : Error: connect ETIMEDOUT
2024-10-06 05:23:50 am | error | db_manager : GetDeviceState : Error: connect ETIMEDOUT
2024-10-06 05:23:50 am | error | db_manager : Error: connect ETIMEDOUT
2024-10-06 05:23:50 am | error | db_manager : GetDeviceState : Error: connect ETIMEDOUT
2024-10-06 05:23:51 am | error | db_manager : Error: connect ETIMEDOUT
2024-10-06 05:23:51 am | error | db_manager : GetDeviceState : Error: connect ETIMEDOUT
2024-10-06 05:23:52 am | error | db_manager : Error: connect ETIMEDOUT
2024-10-06 05:23:52 am | error | db_manager : GetDeviceState : Error: connect ETIMEDOUT
2024-10-06 05:23:53 am | error | db_manager : Error: connect ETIMEDOUT
2024-10-06 05:23:53 am | error | db_manager : GetDeviceState : Error: connect ETIMEDOUT
2024-10-06 05:23:54 am | error | db_manager : Error: connect ETIMEDOUT
2024-10-06 05:23:54 am | error | db_manager : GetDeviceState : Error: connect ETIMEDOUT
2024-10-06 05:23:55 am | error | db_manager : Error: connect ETIMEDOUT
2024-10-06 05:23:55 am | error | db_manager : GetDeviceState : Error: connect ETIMEDOUT
2024-10-06 05:23:57 am | error | db_manager : Error: connect ETIMEDOUT
2024-10-06 05:23:57 am | error | db_manager : GetDeviceState : Error: connect ETIMEDOUT
2024-10-06 05:23:58 am | error | db_manager : Error: connect ETIMEDOUT
2024-10-06 05:23:58 am | error | db_manager : GetDeviceState : Error: connect ETIMEDOUT
2024-10-06 05:23:59 am | error | db_manager : Error: connect ETIMEDOUT
2024-10-06 05:23:59 am | error | db_manager : GetDeviceState : Error: connect ETIMEDOUT
2024-10-06 05:24:00 am | error | db_manager : Error: connect ETIMEDOUT
2024-10-06 05:24:00 am | error | db_manager : GetDeviceState : Error: connect ETIMEDOUT
2024-10-06 05:24:00 am | error | db_manager : Error: connect ETIMEDOUT
2024-10-06 05:24:00 am | error | db_manager : GetDeviceState : Error: connect ETIMEDOUT
2024-10-06 05:24:01 am | error | db_manager : Error: connect ETIMEDOUT
2024-10-06 05:24:01 am | error | db_manager : GetDeviceState : Error: connect ETIMEDOUT
2024-10-06 05:24:02 am | error | db_manager : Error: connect ETIMEDOUT
2024-10-06 05:24:02 am | error | db_manager : GetDeviceState : Error: connect ETIMEDOUT
2024-10-06 05:24:03 am | error | db_manager : Error: connect ETIMEDOUT
2024-10-06 05:24:03 am | error | db_manager : GetDeviceState : Error: connect ETIMEDOUT
2024-10-06 05:24:04 am | error | db_manager : Error: connect ETIMEDOUT
2024-10-06 05:24:04 am | error | db_manager : SaveDummyData : undefined 
  Error: connect ETIMEDOUT
2024-10-06 05:24:05 am | error | db_manager : Error: connect ETIMEDOUT
2024-10-06 05:24:05 am | error | db_manager : GetDeviceState : Error: connect ETIMEDOUT
2024-10-06 05:24:07 am | error | db_manager : Error: connect ETIMEDOUT
2024-10-06 05:24:07 am | error | db_manager : GetDeviceState : Error: connect ETIMEDOUT
2024-10-06 05:24:08 am | error | db_manager : Error: connect ETIMEDOUT
2024-10-06 05:24:08 am | error | db_manager : GetDeviceState : Error: connect ETIMEDOUT
2024-10-06 05:24:09 am | error | db_manager : Error: connect ETIMEDOUT
2024-10-06 05:24:09 am | error | db_manager : GetDeviceState : Error: connect ETIMEDOUT
2024-10-06 05:24:10 am | error | db_manager : Error: connect ETIMEDOUT
2024-10-06 05:24:10 am | error | db_manager : GetDeviceState : Error: connect ETIMEDOUT
2024-10-06 05:24:10 am | error | db_manager : Error: connect ETIMEDOUT
2024-10-06 05:24:10 am | error | db_manager : GetDeviceState : Error: connect ETIMEDOUT
2024-10-06 05:24:11 am | error | db_manager : Error: connect ETIMEDOUT
2024-10-06 05:24:11 am | error | db_manager : GetDeviceState : Error: connect ETIMEDOUT
2024-10-06 05:24:12 am | error | db_manager : Error: connect ETIMEDOUT
2024-10-06 05:24:12 am | error | db_manager : GetDeviceState : Error: connect ETIMEDOUT
2024-10-06 05:24:13 am | error | db_manager : Error: connect ETIMEDOUT
2024-10-06 05:24:13 am | error | db_manager : GetDeviceState : Error: connect ETIMEDOUT
2024-10-06 05:24:14 am | error | db_manager : Error: connect ETIMEDOUT
2024-10-06 05:24:14 am | error | db_manager : GetDeviceState : Error: connect ETIMEDOUT
2024-10-06 05:24:15 am | error | db_manager : Error: connect ETIMEDOUT
2024-10-06 05:24:15 am | error | db_manager : GetDeviceState : Error: connect ETIMEDOUT
2024-10-06 05:24:17 am | error | db_manager : Error: connect ETIMEDOUT
2024-10-06 05:24:17 am | error | db_manager : GetDeviceState : Error: connect ETIMEDOUT
2024-10-06 05:24:18 am | error | db_manager : Error: connect ETIMEDOUT
2024-10-06 05:24:18 am | error | db_manager : GetDeviceState : Error: connect ETIMEDOUT
2024-10-06 05:24:19 am | error | db_manager : Error: connect ETIMEDOUT
2024-10-06 05:24:19 am | error | db_manager : GetDeviceState : Error: connect ETIMEDOUT
2024-10-06 05:24:20 am | error | db_manager : Error: connect ETIMEDOUT
2024-10-06 05:24:20 am | error | db_manager : GetDeviceState : Error: connect ETIMEDOUT
2024-10-06 05:24:20 am | error | db_manager : Error: connect ETIMEDOUT
2024-10-06 05:24:20 am | error | db_manager : GetDeviceState : Error: connect ETIMEDOUT
2024-10-06 05:24:21 am | error | db_manager : Error: connect ETIMEDOUT
2024-10-06 05:24:21 am | error | db_manager : SaveDummyData : undefined 
  Error: connect ETIMEDOUT
2024-10-06 05:24:22 am | error | db_manager : Error: connect ETIMEDOUT
2024-10-06 05:24:22 am | error | db_manager : GetDeviceState : Error: connect ETIMEDOUT
2024-10-06 05:24:23 am | error | db_manager : Error: connect ETIMEDOUT
2024-10-06 05:24:23 am | error | db_manager : GetDeviceState : Error: connect ETIMEDOUT
2024-10-06 05:24:24 am | error | db_manager : Error: connect ETIMEDOUT
2024-10-06 05:24:24 am | error | db_manager : GetDeviceState : Error: connect ETIMEDOUT
2024-10-06 05:24:25 am | error | db_manager : Error: connect ETIMEDOUT
2024-10-06 05:24:25 am | error | db_manager : GetDeviceState : Error: connect ETIMEDOUT
2024-10-06 05:24:27 am | error | db_manager : Error: connect ETIMEDOUT
2024-10-06 05:24:27 am | error | db_manager : GetDeviceState : Error: connect ETIMEDOUT
2024-10-06 05:24:28 am | error | db_manager : Error: connect ETIMEDOUT
2024-10-06 05:24:28 am | error | db_manager : GetDeviceState : Error: connect ETIMEDOUT
2024-10-06 05:24:29 am | error | db_manager : Error: connect ETIMEDOUT
2024-10-06 05:24:29 am | error | db_manager : GetDeviceState : Error: connect ETIMEDOUT
2024-10-06 05:24:30 am | error | db_manager : Error: connect ETIMEDOUT
2024-10-06 05:24:30 am | error | db_manager : GetDeviceState : Error: connect ETIMEDOUT
2024-10-06 05:24:30 am | error | db_manager : Error: connect ETIMEDOUT
2024-10-06 05:24:30 am | error | db_manager : GetDeviceState : Error: connect ETIMEDOUT
2024-10-06 05:24:31 am | error | db_manager : Error: connect ETIMEDOUT
2024-10-06 05:24:31 am | error | db_manager : GetDeviceState : Error: connect ETIMEDOUT
2024-10-06 05:24:32 am | error | db_manager : Error: connect ETIMEDOUT
2024-10-06 05:24:32 am | error | db_manager : GetDeviceState : Error: connect ETIMEDOUT
2024-10-06 05:24:33 am | error | db_manager : Error: connect ETIMEDOUT
2024-10-06 05:24:33 am | error | db_manager : GetDeviceState : Error: connect ETIMEDOUT
2024-10-06 05:24:34 am | error | db_manager : Error: connect ETIMEDOUT
2024-10-06 05:24:34 am | error | db_manager : GetDeviceState : Error: connect ETIMEDOUT
2024-10-06 05:24:35 am | error | db_manager : Error: connect ETIMEDOUT
2024-10-06 05:24:35 am | error | db_manager : GetDeviceState : Error: connect ETIMEDOUT
2024-10-06 05:24:37 am | error | db_manager : Error: connect ETIMEDOUT
2024-10-06 05:24:37 am | error | db_manager : GetDeviceState : Error: connect ETIMEDOUT
2024-10-06 05:24:38 am | error | db_manager : Error: connect ETIMEDOUT
2024-10-06 05:24:38 am | error | db_manager : GetDeviceState : Error: connect ETIMEDOUT
2024-10-06 05:24:39 am | error | db_manager : Error: connect ETIMEDOUT
2024-10-06 05:24:39 am | error | db_manager : SaveDummyData : undefined 
  Error: connect ETIMEDOUT
2024-10-06 05:24:40 am | error | db_manager : Error: connect ETIMEDOUT
2024-10-06 05:24:40 am | error | db_manager : GetDeviceState : Error: connect ETIMEDOUT
2024-10-06 05:24:40 am | error | db_manager : Error: connect ETIMEDOUT
2024-10-06 05:24:40 am | error | db_manager : GetDeviceState : Error: connect ETIMEDOUT
2024-10-06 05:24:41 am | error | db_manager : Error: connect ETIMEDOUT
2024-10-06 05:24:41 am | error | db_manager : GetDeviceState : Error: connect ETIMEDOUT
2024-10-06 05:24:42 am | error | db_manager : Error: connect ETIMEDOUT
2024-10-06 05:24:42 am | error | db_manager : GetDeviceState : Error: connect ETIMEDOUT
2024-10-06 05:24:43 am | error | db_manager : Error: connect ETIMEDOUT
2024-10-06 05:24:43 am | error | db_manager : GetDeviceState : Error: connect ETIMEDOUT
2024-10-06 05:24:44 am | error | db_manager : Error: connect ETIMEDOUT
2024-10-06 05:24:44 am | error | db_manager : GetDeviceState : Error: connect ETIMEDOUT
2024-10-06 05:24:45 am | error | db_manager : Error: connect ETIMEDOUT
2024-10-06 05:24:45 am | error | db_manager : GetDeviceState : Error: connect ETIMEDOUT
2024-10-06 05:24:47 am | error | db_manager : Error: connect ETIMEDOUT
2024-10-06 05:24:47 am | error | db_manager : GetDeviceState : Error: connect ETIMEDOUT
2024-10-06 05:24:48 am | error | db_manager : Error: connect ETIMEDOUT
2024-10-06 05:24:48 am | error | db_manager : GetDeviceState : Error: connect ETIMEDOUT
2024-10-06 05:24:49 am | error | db_manager : Error: connect ETIMEDOUT
2024-10-06 05:24:49 am | error | db_manager : GetDeviceState : Error: connect ETIMEDOUT
2024-10-06 05:24:50 am | error | db_manager : Error: connect ETIMEDOUT
2024-10-06 05:24:50 am | error | db_manager : GetDeviceState : Error: connect ETIMEDOUT
2024-10-06 05:24:50 am | error | db_manager : Error: connect ETIMEDOUT
2024-10-06 05:24:50 am | error | db_manager : GetDeviceState : Error: connect ETIMEDOUT
2024-10-06 05:24:51 am | error | db_manager : Error: connect ETIMEDOUT
2024-10-06 05:24:51 am | error | db_manager : GetDeviceState : Error: connect ETIMEDOUT
2024-10-06 05:24:52 am | error | db_manager : Error: connect ETIMEDOUT
2024-10-06 05:24:52 am | error | db_manager : GetDeviceState : Error: connect ETIMEDOUT
2024-10-06 05:24:53 am | error | db_manager : Error: connect ETIMEDOUT
2024-10-06 05:24:53 am | error | db_manager : GetDeviceState : Error: connect ETIMEDOUT
2024-10-06 05:24:54 am | error | db_manager : Error: connect ETIMEDOUT
2024-10-06 05:24:54 am | error | db_manager : GetDeviceState : Error: connect ETIMEDOUT
2024-10-06 05:24:55 am | error | db_manager : Error: connect ETIMEDOUT
2024-10-06 05:24:55 am | error | db_manager : GetDeviceState : Error: connect ETIMEDOUT
2024-10-06 05:24:57 am | error | db_manager : Error: connect ETIMEDOUT
2024-10-06 05:24:57 am | error | db_manager : GetDeviceState : Error: connect ETIMEDOUT
2024-10-06 05:24:58 am | error | db_manager : Error: connect ETIMEDOUT
2024-10-06 05:24:58 am | error | db_manager : SaveDummyData : undefined 
  Error: connect ETIMEDOUT
2024-10-06 05:24:59 am | error | db_manager : Error: connect ETIMEDOUT
2024-10-06 05:24:59 am | error | db_manager : GetDeviceState : Error: connect ETIMEDOUT
2024-10-06 05:25:00 am | error | db_manager : Error: connect ETIMEDOUT
2024-10-06 05:25:00 am | error | db_manager : GetDeviceState : Error: connect ETIMEDOUT
2024-10-06 05:25:00 am | error | db_manager : Error: connect ETIMEDOUT
2024-10-06 05:25:00 am | error | db_manager : GetDeviceState : Error: connect ETIMEDOUT
2024-10-06 05:25:01 am | error | db_manager : Error: connect ETIMEDOUT
2024-10-06 05:25:01 am | error | db_manager : GetDeviceState : Error: connect ETIMEDOUT
2024-10-06 05:25:02 am | error | db_manager : Error: connect ETIMEDOUT
2024-10-06 05:25:02 am | error | db_manager : GetDeviceState : Error: connect ETIMEDOUT
2024-10-06 05:25:03 am | error | db_manager : Error: connect ETIMEDOUT
2024-10-06 05:25:03 am | error | db_manager : GetDeviceState : Error: connect ETIMEDOUT
2024-10-06 05:25:04 am | error | db_manager : Error: connect ETIMEDOUT
2024-10-06 05:25:04 am | error | db_manager : GetDeviceState : Error: connect ETIMEDOUT
2024-10-06 05:25:05 am | error | db_manager : Error: connect ETIMEDOUT
2024-10-06 05:25:05 am | error | db_manager : GetDeviceState : Error: connect ETIMEDOUT
2024-10-06 05:25:07 am | error | db_manager : Error: connect ETIMEDOUT
2024-10-06 05:25:07 am | error | db_manager : GetDeviceState : Error: connect ETIMEDOUT
2024-10-06 05:25:08 am | error | db_manager : Error: connect ETIMEDOUT
2024-10-06 05:25:08 am | error | db_manager : GetDeviceState : Error: connect ETIMEDOUT
2024-10-06 05:25:09 am | error | db_manager : Error: connect ETIMEDOUT
2024-10-06 05:25:09 am | error | db_manager : GetDeviceState : Error: connect ETIMEDOUT
2024-10-06 05:25:10 am | error | db_manager : Error: connect ETIMEDOUT
2024-10-06 05:25:10 am | error | db_manager : GetDeviceState : Error: connect ETIMEDOUT
2024-10-06 05:25:10 am | error | db_manager : Error: connect ETIMEDOUT
2024-10-06 05:25:10 am | error | db_manager : GetDeviceState : Error: connect ETIMEDOUT
2024-10-06 05:25:11 am | error | db_manager : Error: connect ETIMEDOUT
2024-10-06 05:25:11 am | error | db_manager : GetDeviceState : Error: connect ETIMEDOUT
2024-10-06 05:25:12 am | error | db_manager : Error: connect ETIMEDOUT
2024-10-06 05:25:12 am | error | db_manager : GetDeviceState : Error: connect ETIMEDOUT
2024-10-06 05:25:13 am | error | db_manager : Error: connect ETIMEDOUT
2024-10-06 05:25:13 am | error | db_manager : GetDeviceState : Error: connect ETIMEDOUT
2024-10-06 05:25:14 am | error | db_manager : Error: connect ETIMEDOUT
2024-10-06 05:25:14 am | error | db_manager : GetDeviceState : Error: connect ETIMEDOUT
2024-10-06 05:25:15 am | error | db_manager : Error: connect ETIMEDOUT
2024-10-06 05:25:15 am | error | db_manager : GetDeviceState : Error: connect ETIMEDOUT
2024-10-06 05:25:17 am | error | db_manager : Error: connect ETIMEDOUT
2024-10-06 05:25:17 am | error | db_manager : GetDeviceState : Error: connect ETIMEDOUT
2024-10-06 05:25:18 am | error | db_manager : Error: connect ETIMEDOUT
2024-10-06 05:25:18 am | error | db_manager : SaveDummyData : undefined 
  Error: connect ETIMEDOUT
2024-10-06 05:25:19 am | error | db_manager : Error: connect ETIMEDOUT
2024-10-06 05:25:19 am | error | db_manager : GetDeviceState : Error: connect ETIMEDOUT
2024-10-06 05:25:20 am | error | db_manager : Error: connect ETIMEDOUT
2024-10-06 05:25:20 am | error | db_manager : GetDeviceState : Error: connect ETIMEDOUT
2024-10-06 05:25:20 am | error | db_manager : Error: connect ETIMEDOUT
2024-10-06 05:25:20 am | error | db_manager : GetDeviceState : Error: connect ETIMEDOUT
2024-10-06 05:25:21 am | error | db_manager : Error: connect ETIMEDOUT
2024-10-06 05:25:21 am | error | db_manager : GetDeviceState : Error: connect ETIMEDOUT
2024-10-06 05:25:22 am | error | db_manager : Error: connect ETIMEDOUT
2024-10-06 05:25:22 am | error | db_manager : GetDeviceState : Error: connect ETIMEDOUT
2024-10-06 05:25:23 am | error | db_manager : Error: connect ETIMEDOUT
2024-10-06 05:25:23 am | error | db_manager : GetDeviceState : Error: connect ETIMEDOUT
2024-10-06 05:25:24 am | error | db_manager : Error: connect ETIMEDOUT
2024-10-06 05:25:24 am | error | db_manager : GetDeviceState : Error: connect ETIMEDOUT
2024-10-06 05:25:25 am | error | db_manager : Error: connect ETIMEDOUT
2024-10-06 05:25:25 am | error | db_manager : GetDeviceState : Error: connect ETIMEDOUT
2024-10-06 05:25:27 am | error | db_manager : Error: connect ETIMEDOUT
2024-10-06 05:25:27 am | error | db_manager : GetDeviceState : Error: connect ETIMEDOUT
2024-10-06 05:25:28 am | error | db_manager : Error: connect ETIMEDOUT
2024-10-06 05:25:28 am | error | db_manager : GetDeviceState : Error: connect ETIMEDOUT
2024-10-06 05:25:29 am | error | db_manager : Error: connect ETIMEDOUT
2024-10-06 05:25:29 am | error | db_manager : GetDeviceState : Error: connect ETIMEDOUT
2024-10-06 05:25:30 am | error | db_manager : Error: connect ETIMEDOUT
2024-10-06 05:25:30 am | error | db_manager : GetDeviceState : Error: connect ETIMEDOUT
2024-10-06 05:25:31 am | error | db_manager : Error: connect ETIMEDOUT
2024-10-06 05:25:31 am | error | db_manager : GetDeviceState : Error: connect ETIMEDOUT
2024-10-06 05:25:31 am | error | db_manager : Error: connect ETIMEDOUT
2024-10-06 05:25:31 am | error | db_manager : GetDeviceState : Error: connect ETIMEDOUT
2024-10-06 05:25:32 am | error | db_manager : Error: connect ETIMEDOUT
2024-10-06 05:25:32 am | error | db_manager : GetDeviceState : Error: connect ETIMEDOUT
2024-10-06 05:25:33 am | error | db_manager : Error: connect ETIMEDOUT
2024-10-06 05:25:33 am | error | db_manager : GetDeviceState : Error: connect ETIMEDOUT
2024-10-06 05:25:34 am | error | db_manager : Error: connect ETIMEDOUT
2024-10-06 05:25:34 am | error | db_manager : GetDeviceState : Error: connect ETIMEDOUT
2024-10-06 05:25:35 am | error | db_manager : Error: connect ETIMEDOUT
2024-10-06 05:25:35 am | error | db_manager : GetDeviceState : Error: connect ETIMEDOUT
2024-10-06 05:25:37 am | error | db_manager : Error: connect ETIMEDOUT
2024-10-06 05:25:37 am | error | db_manager : GetDeviceState : Error: connect ETIMEDOUT
2024-10-06 05:25:38 am | error | db_manager : Error: connect ETIMEDOUT
2024-10-06 05:25:38 am | error | db_manager : GetDeviceState : Error: connect ETIMEDOUT
2024-10-06 05:25:39 am | error | db_manager : Error: connect ETIMEDOUT
2024-10-06 05:25:39 am | error | db_manager : SaveDummyData : undefined 
  Error: connect ETIMEDOUT
2024-10-06 05:25:40 am | error | db_manager : Error: connect ETIMEDOUT
2024-10-06 05:25:40 am | error | db_manager : GetDeviceState : Error: connect ETIMEDOUT
2024-10-06 05:25:41 am | error | db_manager : Error: connect ETIMEDOUT
2024-10-06 05:25:41 am | error | db_manager : GetDeviceState : Error: connect ETIMEDOUT
2024-10-06 05:25:41 am | error | db_manager : Error: connect ETIMEDOUT
2024-10-06 05:25:41 am | error | db_manager : GetDeviceState : Error: connect ETIMEDOUT
2024-10-06 05:25:42 am | error | db_manager : Error: connect ETIMEDOUT
2024-10-06 05:25:42 am | error | db_manager : GetDeviceState : Error: connect ETIMEDOUT
2024-10-06 05:25:43 am | error | db_manager : Error: connect ETIMEDOUT
2024-10-06 05:25:43 am | error | db_manager : GetDeviceState : Error: connect ETIMEDOUT
2024-10-06 05:25:44 am | error | db_manager : Error: connect ETIMEDOUT
2024-10-06 05:25:44 am | error | db_manager : GetDeviceState : Error: connect ETIMEDOUT
2024-10-06 05:25:45 am | error | db_manager : Error: connect ETIMEDOUT
2024-10-06 05:25:45 am | error | db_manager : GetDeviceState : Error: connect ETIMEDOUT
2024-10-06 05:25:47 am | error | db_manager : Error: connect ETIMEDOUT
2024-10-06 05:25:47 am | error | db_manager : GetDeviceState : Error: connect ETIMEDOUT
2024-10-06 05:25:48 am | error | db_manager : Error: connect ETIMEDOUT
2024-10-06 05:25:48 am | error | db_manager : GetDeviceState : Error: connect ETIMEDOUT
2024-10-06 05:25:49 am | error | db_manager : Error: connect ETIMEDOUT
2024-10-06 05:25:49 am | error | db_manager : GetDeviceState : Error: connect ETIMEDOUT
2024-10-06 05:25:50 am | error | db_manager : Error: connect ETIMEDOUT
2024-10-06 05:25:50 am | error | db_manager : GetDeviceState : Error: connect ETIMEDOUT
2024-10-06 05:25:51 am | error | db_manager : Error: connect ETIMEDOUT
2024-10-06 05:25:51 am | error | db_manager : GetDeviceState : Error: connect ETIMEDOUT
2024-10-06 05:25:51 am | error | db_manager : Error: connect ETIMEDOUT
2024-10-06 05:25:51 am | error | db_manager : GetDeviceState : Error: connect ETIMEDOUT
2024-10-06 05:25:52 am | error | db_manager : Error: connect ETIMEDOUT
2024-10-06 05:25:52 am | error | db_manager : GetDeviceState : Error: connect ETIMEDOUT
2024-10-06 05:25:53 am | error | db_manager : Error: connect ETIMEDOUT
2024-10-06 05:25:53 am | error | db_manager : GetDeviceState : Error: connect ETIMEDOUT
2024-10-06 05:25:54 am | error | db_manager : Error: connect ETIMEDOUT
2024-10-06 05:25:54 am | error | db_manager : GetDeviceState : Error: connect ETIMEDOUT
2024-10-06 05:25:55 am | error | db_manager : Error: connect ETIMEDOUT
2024-10-06 05:25:55 am | error | db_manager : GetDeviceState : Error: connect ETIMEDOUT
2024-10-06 05:25:57 am | error | db_manager : Error: connect ETIMEDOUT
2024-10-06 05:25:57 am | error | db_manager : GetDeviceState : Error: connect ETIMEDOUT
2024-10-06 05:25:58 am | error | db_manager : Error: connect ETIMEDOUT
2024-10-06 05:25:58 am | error | db_manager : GetDeviceState : Error: connect ETIMEDOUT
2024-10-06 05:25:59 am | error | db_manager : Error: connect ETIMEDOUT
2024-10-06 05:25:59 am | error | db_manager : GetDeviceState : Error: connect ETIMEDOUT
2024-10-06 05:26:00 am | error | db_manager : Error: connect ETIMEDOUT
2024-10-06 05:26:00 am | error | db_manager : GetDeviceState : Error: connect ETIMEDOUT
2024-10-06 05:26:01 am | error | db_manager : Error: connect ETIMEDOUT
2024-10-06 05:26:01 am | error | db_manager : SaveDummyData : undefined 
  Error: connect ETIMEDOUT
2024-10-06 05:26:01 am | error | db_manager : Error: connect ETIMEDOUT
2024-10-06 05:26:01 am | error | db_manager : GetDeviceState : Error: connect ETIMEDOUT
2024-10-06 05:26:02 am | error | db_manager : Error: connect ETIMEDOUT
2024-10-06 05:26:02 am | error | db_manager : GetDeviceState : Error: connect ETIMEDOUT
2024-10-06 05:26:03 am | error | db_manager : Error: connect ETIMEDOUT
2024-10-06 05:26:03 am | error | db_manager : GetDeviceState : Error: connect ETIMEDOUT
2024-10-06 05:26:04 am | error | db_manager : Error: connect ETIMEDOUT
2024-10-06 05:26:04 am | error | db_manager : GetDeviceState : Error: connect ETIMEDOUT
2024-10-06 05:26:05 am | error | db_manager : Error: connect ETIMEDOUT
2024-10-06 05:26:05 am | error | db_manager : GetDeviceState : Error: connect ETIMEDOUT
2024-10-06 05:26:07 am | error | db_manager : Error: connect ETIMEDOUT
2024-10-06 05:26:07 am | error | db_manager : GetDeviceState : Error: connect ETIMEDOUT
2024-10-06 05:26:08 am | error | db_manager : Error: connect ETIMEDOUT
2024-10-06 05:26:08 am | error | db_manager : GetDeviceState : Error: connect ETIMEDOUT
2024-10-06 05:26:09 am | error | db_manager : Error: connect ETIMEDOUT
2024-10-06 05:26:09 am | error | db_manager : GetDeviceState : Error: connect ETIMEDOUT
2024-10-06 05:26:10 am | error | db_manager : Error: connect ETIMEDOUT
2024-10-06 05:26:10 am | error | db_manager : GetDeviceState : Error: connect ETIMEDOUT
2024-10-06 05:26:11 am | error | db_manager : Error: connect ETIMEDOUT
2024-10-06 05:26:11 am | error | db_manager : GetDeviceState : Error: connect ETIMEDOUT
2024-10-06 05:26:11 am | error | db_manager : Error: connect ETIMEDOUT
2024-10-06 05:26:11 am | error | db_manager : GetDeviceState : Error: connect ETIMEDOUT
2024-10-06 05:26:12 am | error | db_manager : Error: connect ETIMEDOUT
2024-10-06 05:26:12 am | error | db_manager : GetDeviceState : Error: connect ETIMEDOUT
2024-10-06 05:26:13 am | error | db_manager : Error: connect ETIMEDOUT
2024-10-06 05:26:13 am | error | db_manager : GetDeviceState : Error: connect ETIMEDOUT
2024-10-06 05:26:14 am | error | db_manager : Error: connect ETIMEDOUT
2024-10-06 05:26:14 am | error | db_manager : GetDeviceState : Error: connect ETIMEDOUT
2024-10-06 05:26:15 am | error | db_manager : Error: connect ETIMEDOUT
2024-10-06 05:26:15 am | error | db_manager : GetDeviceState : Error: connect ETIMEDOUT
2024-10-06 05:26:17 am | error | db_manager : Error: connect ETIMEDOUT
2024-10-06 05:26:17 am | error | db_manager : GetDeviceState : Error: connect ETIMEDOUT
2024-10-06 05:26:18 am | error | db_manager : Error: connect ETIMEDOUT
2024-10-06 05:26:18 am | error | db_manager : GetDeviceState : Error: connect ETIMEDOUT
2024-10-06 05:26:19 am | error | db_manager : Error: connect ETIMEDOUT
2024-10-06 05:26:19 am | error | db_manager : GetDeviceState : Error: connect ETIMEDOUT
2024-10-06 05:26:20 am | error | db_manager : Error: connect ETIMEDOUT
2024-10-06 05:26:20 am | error | db_manager : GetDeviceState : Error: connect ETIMEDOUT
2024-10-06 05:26:21 am | error | db_manager : Error: connect ETIMEDOUT
2024-10-06 05:26:21 am | error | db_manager : GetDeviceState : Error: connect ETIMEDOUT
2024-10-06 05:26:21 am | error | db_manager : Error: connect ETIMEDOUT
2024-10-06 05:26:21 am | error | db_manager : GetDeviceState : Error: connect ETIMEDOUT
2024-10-06 05:26:22 am | error | db_manager : Error: connect ETIMEDOUT
2024-10-06 05:26:22 am | error | db_manager : SaveDummyData : undefined 
  Error: connect ETIMEDOUT
2024-10-06 05:26:23 am | error | db_manager : Error: connect ETIMEDOUT
2024-10-06 05:26:23 am | error | db_manager : GetDeviceState : Error: connect ETIMEDOUT
2024-10-06 05:26:24 am | error | db_manager : Error: connect ETIMEDOUT
2024-10-06 05:26:24 am | error | db_manager : GetDeviceState : Error: connect ETIMEDOUT
2024-10-06 05:26:25 am | error | db_manager : Error: connect ETIMEDOUT
2024-10-06 05:26:25 am | error | db_manager : GetDeviceState : Error: connect ETIMEDOUT
2024-10-06 05:26:27 am | error | db_manager : Error: connect ETIMEDOUT
2024-10-06 05:26:27 am | error | db_manager : GetDeviceState : Error: connect ETIMEDOUT
2024-10-06 05:26:28 am | error | db_manager : Error: connect ETIMEDOUT
2024-10-06 05:26:28 am | error | db_manager : GetDeviceState : Error: connect ETIMEDOUT
2024-10-06 05:26:29 am | error | db_manager : Error: connect ETIMEDOUT
2024-10-06 05:26:29 am | error | db_manager : GetDeviceState : Error: connect ETIMEDOUT
2024-10-06 05:26:30 am | error | db_manager : Error: connect ETIMEDOUT
2024-10-06 05:26:30 am | error | db_manager : GetDeviceState : Error: connect ETIMEDOUT
2024-10-06 05:26:31 am | error | db_manager : Error: connect ETIMEDOUT
2024-10-06 05:26:31 am | error | db_manager : GetDeviceState : Error: connect ETIMEDOUT
2024-10-06 05:26:31 am | error | db_manager : Error: connect ETIMEDOUT
2024-10-06 05:26:31 am | error | db_manager : GetDeviceState : Error: connect ETIMEDOUT
2024-10-06 05:26:32 am | error | db_manager : Error: connect ETIMEDOUT
2024-10-06 05:26:32 am | error | db_manager : GetDeviceState : Error: connect ETIMEDOUT
2024-10-06 05:26:33 am | error | db_manager : Error: connect ETIMEDOUT
2024-10-06 05:26:33 am | error | db_manager : GetDeviceState : Error: connect ETIMEDOUT
2024-10-06 05:26:38 am | info | genix : Socket IO server listening on port 3000
2024-10-06 05:26:44 am | info | genix : Socket IO server listening on port 3000
2024-10-06 05:26:47 am | http | ::1 - - "POST /api/saveDummyData HTTP/1.1" 200 38

2024-10-06 05:28:47 am | info | genix : Socket IO server listening on port 3000
2024-10-06 05:30:43 am | http | ::1 - - "POST /api/saveDummyData HTTP/1.1" 200 38

2024-10-06 05:30:59 am | http | ::1 - - "POST /api/saveDummyData HTTP/1.1" 200 38

2024-10-06 05:32:03 am | info | genix : Socket IO server listening on port 3000
2024-10-06 05:32:30 am | info | genix : Socket IO server listening on port 3000
2024-10-06 05:32:32 am | http | ::1 - - "POST /api/saveDummyData HTTP/1.1" 200 38

2024-10-06 05:51:42 am | http | ::1 - - "POST /api/saveDummyData HTTP/1.1" 200 38

2024-10-06 05:52:31 am | info | genix : Socket IO server listening on port 3000
2024-10-06 05:52:38 am | info | genix : Socket IO server listening on port 3000
2024-10-06 05:53:01 am | info | genix : Socket IO server listening on port 3000
2024-10-06 05:53:37 am | info | genix : Socket IO server listening on port 3000
2024-10-06 05:53:39 am | http | ::1 - - "POST /api/saveDummyData HTTP/1.1" 200 38

2024-10-06 05:54:29 am | info | genix : Socket IO server listening on port 3000
2024-10-06 05:54:54 am | info | genix : Socket IO server listening on port 3000
2024-10-06 05:55:02 am | http | ::1 - - "POST /api/saveDummyData HTTP/1.1" 200 38

2024-10-06 05:55:20 am | http | ::1 - - "POST /api/saveDummyData HTTP/1.1" 200 38

2024-10-06 18:47:26 pm | info | genix : Socket IO server listening on port 3000
2024-10-06 18:47:39 pm | http | ::1 - - "POST /api/saveDummyData HTTP/1.1" 200 38

2024-10-06 18:50:34 pm | info | genix : Socket IO server listening on port 3000
2024-10-06 18:50:36 pm | http | ::1 - - "POST /api/saveDummyData HTTP/1.1" 200 38

2024-10-06 18:51:33 pm | info | genix : Socket IO server listening on port 3000
2024-10-06 18:51:35 pm | http | ::1 - - "POST /api/saveDummyData HTTP/1.1" 200 38

2024-10-06 18:53:04 pm | http | ::1 - - "POST /api/saveDummyD HTTP/1.1" 404 154

2024-10-06 18:53:11 pm | http | ::1 - - "POST /api/saveDummyData HTTP/1.1" 200 38

2024-10-06 18:53:20 pm | http | ::1 - - "POST /api/saveDummyData HTTP/1.1" 200 38

2024-10-06 18:54:19 pm | info | genix : Socket IO server listening on port 3000
2024-10-06 18:54:25 pm | info | genix : Socket IO server listening on port 3000
2024-10-06 18:54:32 pm | http | ::1 - - "POST /api/saveDummyData HTTP/1.1" 200 38

2024-10-06 18:55:01 pm | http | ::1 - - "POST /api/saveDummyData HTTP/1.1" 200 38

2024-10-06 18:56:40 pm | info | genix : Socket IO server listening on port 3000
2024-10-06 18:56:55 pm | http | ::1 - - "POST /api/saveDummyData HTTP/1.1" 200 59

2024-10-06 18:57:11 pm | http | ::1 - - "POST /api/saveDummyData HTTP/1.1" 200 59

2024-10-06 18:58:12 pm | info | genix : Socket IO server listening on port 3000
2024-10-06 18:58:15 pm | http | ::1 - - "POST /api/saveDummyData HTTP/1.1" 400 30

2024-10-06 18:59:00 pm | info | genix : Socket IO server listening on port 3000
2024-10-06 18:59:19 pm | info | genix : Socket IO server listening on port 3000
2024-10-06 18:59:23 pm | http | ::1 - - "POST /api/saveDummyData HTTP/1.1" 400 30

2024-10-06 19:00:09 pm | info | genix : Socket IO server listening on port 3000
2024-10-06 19:00:22 pm | info | genix : Socket IO server listening on port 3000
2024-10-06 19:00:34 pm | http | ::1 - - "POST /api/saveDummyData HTTP/1.1" 200 51

2024-10-06 19:01:58 pm | info | genix : Socket IO server listening on port 3000
2024-10-06 19:02:11 pm | info | genix : Socket IO server listening on port 3000
2024-10-06 19:02:17 pm | http | ::1 - - "POST /api/saveDummyData HTTP/1.1" 200 51

2024-10-06 19:02:35 pm | http | ::1 - - "POST /api/saveDummyData HTTP/1.1" 200 51

2024-10-06 19:02:40 pm | http | ::1 - - "POST /api/saveDummyData HTTP/1.1" 200 51

2024-10-06 19:02:57 pm | http | ::1 - - "POST /api/saveDummyData HTTP/1.1" 200 51

2024-10-06 19:03:17 pm | http | ::1 - - "POST /api/saveDummyData HTTP/1.1" 200 51

2024-10-06 19:04:43 pm | info | genix : Socket IO server listening on port 3000
2024-10-06 19:06:53 pm | info | genix : Socket IO server listening on port 3000
2024-10-06 19:07:21 pm | http | ::1 - - "POST /api/saveDummyData HTTP/1.1" 200 51

2024-10-06 19:07:30 pm | http | ::1 - - "POST /api/saveDummyData HTTP/1.1" 200 51

2024-10-06 19:07:37 pm | http | ::1 - - "POST /api/saveDummyData HTTP/1.1" 200 51

2024-10-06 19:07:43 pm | http | ::1 - - "POST /api/saveDummyData HTTP/1.1" 200 51

2024-10-06 19:07:53 pm | http | ::1 - - "POST /api/saveDummyData HTTP/1.1" 200 51

2024-10-06 19:11:16 pm | info | genix : Socket IO server listening on port 3000
2024-10-06 19:12:01 pm | http | ::1 - - "POST /api/saveDummyData HTTP/1.1" 400 30

2024-10-06 19:12:29 pm | http | ::1 - - "POST /api/saveDummyData HTTP/1.1" 400 30

2024-10-06 19:14:56 pm | info | genix : Socket IO server listening on port 3000
2024-10-06 19:16:28 pm | info | genix : Socket IO server listening on port 3000
2024-10-06 19:16:37 pm | http | ::1 - - "POST /api/saveDummyData HTTP/1.1" 404 157

2024-10-06 19:16:50 pm | http | ::1 - - "POST /api/saveDummyData HTTP/1.1" 404 157

2024-10-06 19:16:55 pm | http | ::1 - - "POST /api/saveDummyData HTTP/1.1" 404 157

2024-10-06 19:18:59 pm | http | ::1 - - "POST /api/saveDummyDataArray HTTP/1.1" 500 45

2024-10-06 19:21:38 pm | info | genix : Socket IO server listening on port 3000
2024-10-06 19:21:47 pm | info | genix : Socket IO server listening on port 3000
2024-10-06 19:22:09 pm | http | ::1 - - "POST /api/saveDummyDataArray HTTP/1.1" 500 45

2024-10-06 19:22:57 pm | info | genix : Socket IO server listening on port 3000
2024-10-06 19:23:01 pm | http | ::1 - - "POST /api/saveDummyDataArray HTTP/1.1" 200 42

2024-10-06 20:05:23 pm | info | genix : Socket IO server listening on port 3000
2024-10-06 20:18:25 pm | info | genix : Socket IO server listening on port 3000
2024-10-06 20:18:42 pm | http | ::1 - - "POST /api/saveDummyDataArray HTTP/1.1" 500 45

2024-10-06 20:24:32 pm | info | genix : Socket IO server listening on port 3000
2024-10-06 20:24:46 pm | http | ::1 - - "POST /api//saveLogData HTTP/1.1" 200 46

2024-10-06 21:16:25 pm | http | ::1 - - "POST /api//saveLogData HTTP/1.1" 200 46

2024-10-06 21:18:04 pm | info | genix : Socket IO server listening on port 3000
2024-10-06 21:18:08 pm | http | ::1 - - "POST /api//saveLogData HTTP/1.1" 200 46

2024-10-06 21:33:37 pm | http | ::1 - - "POST /api/saveDummyDataArray HTTP/1.1" 500 45

2024-10-06 21:36:17 pm | info | genix : Socket IO server listening on port 3000
2024-10-06 21:36:34 pm | info | genix : Socket IO server listening on port 3000
2024-10-06 21:36:51 pm | info | genix : Socket IO server listening on port 3000
2024-10-06 21:37:13 pm | http | ::1 - - "POST /api//saveOceanData HTTP/1.1" 500 62

2024-10-06 21:37:41 pm | http | ::1 - - "POST /api//saveOceanData HTTP/1.1" 200 59

2024-10-06 21:38:01 pm | http | ::1 - - "POST /api//saveOceanData HTTP/1.1" 200 59

2024-10-06 21:38:38 pm | http | ::1 - - "POST /api//saveOceanData HTTP/1.1" 200 59

2024-10-06 21:40:58 pm | info | genix : Socket IO server listening on port 3000
2024-10-06 21:41:21 pm | info | genix : Socket IO server listening on port 3000
2024-10-06 21:41:23 pm | http | ::1 - - "POST /api//saveOceanData HTTP/1.1" 500 62

2024-10-06 21:41:33 pm | http | ::1 - - "POST /api//saveOceanData HTTP/1.1" 500 62

2024-10-06 21:42:16 pm | info | genix : Socket IO server listening on port 3000
2024-10-06 21:42:20 pm | http | ::1 - - "POST /api//saveOceanData HTTP/1.1" 200 59

2024-10-06 21:42:42 pm | http | ::1 - - "POST /api//saveOceanData HTTP/1.1" 200 59

2024-10-06 21:43:00 pm | http | ::1 - - "POST /api//saveOceanData HTTP/1.1" 200 59

2024-10-06 21:44:38 pm | info | genix : Socket IO server listening on port 3000
2024-10-06 21:44:50 pm | info | genix : Socket IO server listening on port 3000
2024-10-06 21:44:54 pm | http | ::1 - - "POST /api//saveOceanData HTTP/1.1" 200 59

2024-10-06 21:56:34 pm | info | genix : Socket IO server listening on port 3000
2024-10-06 21:56:51 pm | info | genix : Socket IO server listening on port 3000
2024-10-06 21:57:06 pm | http | ::1 - - "POST /api/saveOceanLogData HTTP/1.1" 200 52

2024-10-06 21:59:06 pm | info | genix : Socket IO server listening on port 3000
2024-10-06 21:59:23 pm | http | ::1 - - "POST /api/saveOceanData HTTP/1.1" 200 59

2024-10-06 21:59:39 pm | http | ::1 - - "POST /api/saveOceanLogData HTTP/1.1" 200 52

2024-10-06 22:00:19 pm | http | ::1 - - "POST /api/saveOceanLogData HTTP/1.1" 200 52

2024-10-06 22:02:38 pm | info | genix : Socket IO server listening on port 3000
2024-10-06 22:02:42 pm | http | ::1 - - "POST /api/saveOceanLogData HTTP/1.1" 500 55

2024-10-06 22:02:44 pm | http | ::1 - - "POST /api/saveOceanLogData HTTP/1.1" 500 55

2024-10-06 22:02:49 pm | http | ::1 - - "POST /api/saveOceanLogData HTTP/1.1" 500 55

2024-10-06 22:04:13 pm | info | genix : Socket IO server listening on port 3000
2024-10-06 22:04:17 pm | http | ::1 - - "POST /api/saveOceanLogData HTTP/1.1" 200 52

