2024-10-04 15:09:46 pm | error | db_manager : Error: connect ECONNREFUSED 192.168.0.225:3306
2024-10-04 15:09:46 pm | error | db_manager : GetDeviceState : Error: connect ECONNREFUSED 192.168.0.225:3306
2024-10-04 15:09:47 pm | error | db_manager : Error: connect ECONNREFUSED 192.168.0.225:3306
2024-10-04 15:09:47 pm | error | db_manager : GetDeviceState : Error: connect ECONNREFUSED 192.168.0.225:3306
2024-10-04 15:09:48 pm | error | db_manager : Error: connect ECONNREFUSED 192.168.0.225:3306
2024-10-04 15:09:48 pm | error | db_manager : GetDeviceState : Error: connect ECONNREFUSED 192.168.0.225:3306
2024-10-04 15:09:49 pm | error | db_manager : Error: connect ECONNREFUSED 192.168.0.225:3306
2024-10-04 15:09:49 pm | error | db_manager : GetDeviceState : Error: connect ECONNREFUSED 192.168.0.225:3306
2024-10-04 15:09:50 pm | error | db_manager : Error: connect ECONNREFUSED 192.168.0.225:3306
2024-10-04 15:09:50 pm | error | db_manager : GetDeviceState : Error: connect ECONNREFUSED 192.168.0.225:3306
2024-10-04 15:09:59 pm | error | db_manager : Error: connect ETIMEDOUT
2024-10-04 15:09:59 pm | error | db_manager : GetDeviceState : Error: connect ETIMEDOUT
2024-10-04 15:10:00 pm | error | db_manager : Error: connect ETIMEDOUT
2024-10-04 15:10:00 pm | error | db_manager : GetDeviceState : Error: connect ETIMEDOUT
2024-10-04 15:10:01 pm | error | db_manager : Error: connect ETIMEDOUT
2024-10-04 15:10:01 pm | error | db_manager : GetDeviceState : Error: connect ETIMEDOUT
2024-10-04 15:10:02 pm | error | db_manager : Error: connect ETIMEDOUT
2024-10-04 15:10:02 pm | error | db_manager : GetDeviceState : Error: connect ETIMEDOUT
2024-10-04 15:10:03 pm | error | db_manager : Error: connect ETIMEDOUT
2024-10-04 15:10:03 pm | error | db_manager : GetDeviceState : Error: connect ETIMEDOUT
2024-10-04 15:10:04 pm | error | db_manager : Error: connect ETIMEDOUT
2024-10-04 15:10:04 pm | error | db_manager : GetDeviceState : Error: connect ETIMEDOUT
2024-10-04 15:10:05 pm | error | db_manager : Error: connect ETIMEDOUT
2024-10-04 15:10:05 pm | error | db_manager : GetDeviceState : Error: connect ETIMEDOUT
2024-10-04 15:10:06 pm | error | db_manager : Error: connect ETIMEDOUT
2024-10-04 15:10:06 pm | error | db_manager : GetDeviceState : Error: connect ETIMEDOUT
2024-10-04 15:10:07 pm | error | db_manager : Error: connect ETIMEDOUT
2024-10-04 15:10:07 pm | error | db_manager : GetDeviceState : Error: connect ETIMEDOUT
2024-10-04 15:10:08 pm | error | db_manager : Error: connect ETIMEDOUT
2024-10-04 15:10:08 pm | error | db_manager : GetDeviceState : Error: connect ETIMEDOUT
2024-10-04 15:10:09 pm | error | db_manager : Error: connect ETIMEDOUT
2024-10-04 15:10:09 pm | error | db_manager : GetDeviceState : Error: connect ETIMEDOUT
2024-10-04 15:10:11 pm | error | db_manager : Error: connect ETIMEDOUT
2024-10-04 15:10:11 pm | error | db_manager : GetDeviceState : Error: connect ETIMEDOUT
2024-10-04 15:10:12 pm | error | db_manager : Error: connect ETIMEDOUT
2024-10-04 15:10:12 pm | error | db_manager : GetDeviceState : Error: connect ETIMEDOUT
2024-10-04 15:10:13 pm | error | db_manager : Error: connect ETIMEDOUT
2024-10-04 15:10:13 pm | error | db_manager : GetDeviceState : Error: connect ETIMEDOUT
2024-10-04 15:10:14 pm | error | db_manager : Error: connect ETIMEDOUT
2024-10-04 15:10:14 pm | error | db_manager : GetDeviceState : Error: connect ETIMEDOUT
2024-10-04 15:10:15 pm | error | db_manager : Error: connect ETIMEDOUT
2024-10-04 15:10:15 pm | error | db_manager : GetDeviceState : Error: connect ETIMEDOUT
2024-10-04 15:10:16 pm | error | db_manager : Error: connect ETIMEDOUT
2024-10-04 15:10:16 pm | error | db_manager : GetDeviceState : Error: connect ETIMEDOUT
2024-10-04 15:10:17 pm | error | db_manager : Error: connect ETIMEDOUT
2024-10-04 15:10:17 pm | error | db_manager : GetDeviceState : Error: connect ETIMEDOUT
2024-10-04 15:10:18 pm | error | db_manager : Error: connect ETIMEDOUT
2024-10-04 15:10:18 pm | error | db_manager : GetDeviceState : Error: connect ETIMEDOUT
2024-10-04 15:10:19 pm | error | db_manager : Error: connect ETIMEDOUT
2024-10-04 15:10:19 pm | error | db_manager : GetDeviceState : Error: connect ETIMEDOUT
2024-10-04 15:10:20 pm | error | db_manager : Error: connect ETIMEDOUT
2024-10-04 15:10:20 pm | error | db_manager : GetDeviceState : Error: connect ETIMEDOUT
2024-10-04 15:10:21 pm | error | db_manager : Error: connect ETIMEDOUT
2024-10-04 15:10:21 pm | error | db_manager : GetDeviceState : Error: connect ETIMEDOUT
2024-10-04 15:10:22 pm | error | db_manager : Error: connect ETIMEDOUT
2024-10-04 15:10:22 pm | error | db_manager : GetDeviceState : Error: connect ETIMEDOUT
2024-10-04 15:10:23 pm | error | db_manager : Error: connect ETIMEDOUT
2024-10-04 15:10:23 pm | error | db_manager : GetDeviceState : Error: connect ETIMEDOUT
2024-10-04 17:19:53 pm | error | I'm gone
2024-10-04 17:26:20 pm | error | I'm gone
2024-10-04 17:29:46 pm | error | I'm gone
2024-10-04 17:48:49 pm | error | db_manager : TypeError: Bind parameters must not contain undefined. To pass SQL NULL specify JS null
2024-10-04 17:48:49 pm | error | db_manager : SaveDummyData : undefined 
  TypeError: Bind parameters must not contain undefined. To pass SQL NULL specify JS null
2024-10-04 17:48:49 pm | error | db_manager : TypeError: Bind parameters must not contain undefined. To pass SQL NULL specify JS null
2024-10-04 17:48:49 pm | error | db_manager : SaveDummyData : undefined 
  TypeError: Bind parameters must not contain undefined. To pass SQL NULL specify JS null
2024-10-04 17:48:49 pm | error | db_manager : TypeError: Bind parameters must not contain undefined. To pass SQL NULL specify JS null
2024-10-04 17:48:49 pm | error | db_manager : SaveDummyData : undefined 
  TypeError: Bind parameters must not contain undefined. To pass SQL NULL specify JS null
2024-10-04 17:48:49 pm | error | db_manager : TypeError: Bind parameters must not contain undefined. To pass SQL NULL specify JS null
2024-10-04 17:48:49 pm | error | db_manager : SaveDummyData : undefined 
  TypeError: Bind parameters must not contain undefined. To pass SQL NULL specify JS null
2024-10-04 17:48:49 pm | error | db_manager : TypeError: Bind parameters must not contain undefined. To pass SQL NULL specify JS null
2024-10-04 17:48:49 pm | error | db_manager : SaveDummyData : undefined 
  TypeError: Bind parameters must not contain undefined. To pass SQL NULL specify JS null
2024-10-04 17:48:49 pm | error | db_manager : TypeError: Bind parameters must not contain undefined. To pass SQL NULL specify JS null
2024-10-04 17:48:49 pm | error | db_manager : SaveDummyData : undefined 
  TypeError: Bind parameters must not contain undefined. To pass SQL NULL specify JS null
2024-10-04 17:48:49 pm | error | db_manager : TypeError: Bind parameters must not contain undefined. To pass SQL NULL specify JS null
2024-10-04 17:48:49 pm | error | db_manager : SaveDummyData : undefined 
  TypeError: Bind parameters must not contain undefined. To pass SQL NULL specify JS null
2024-10-04 17:48:49 pm | error | db_manager : TypeError: Bind parameters must not contain undefined. To pass SQL NULL specify JS null
2024-10-04 17:48:49 pm | error | db_manager : SaveDummyData : undefined 
  TypeError: Bind parameters must not contain undefined. To pass SQL NULL specify JS null
2024-10-04 17:48:49 pm | error | db_manager : TypeError: Bind parameters must not contain undefined. To pass SQL NULL specify JS null
2024-10-04 17:48:49 pm | error | db_manager : SaveDummyData : undefined 
  TypeError: Bind parameters must not contain undefined. To pass SQL NULL specify JS null
2024-10-04 17:48:49 pm | error | db_manager : TypeError: Bind parameters must not contain undefined. To pass SQL NULL specify JS null
2024-10-04 17:48:49 pm | error | db_manager : SaveDummyData : undefined 
  TypeError: Bind parameters must not contain undefined. To pass SQL NULL specify JS null
2024-10-04 17:48:49 pm | error | db_manager : TypeError: Bind parameters must not contain undefined. To pass SQL NULL specify JS null
2024-10-04 17:48:49 pm | error | db_manager : SaveDummyData : undefined 
  TypeError: Bind parameters must not contain undefined. To pass SQL NULL specify JS null
2024-10-04 17:48:49 pm | error | db_manager : TypeError: Bind parameters must not contain undefined. To pass SQL NULL specify JS null
2024-10-04 17:48:49 pm | error | db_manager : SaveDummyData : undefined 
  TypeError: Bind parameters must not contain undefined. To pass SQL NULL specify JS null
2024-10-04 17:48:49 pm | error | db_manager : TypeError: Bind parameters must not contain undefined. To pass SQL NULL specify JS null
2024-10-04 17:48:49 pm | error | db_manager : SaveDummyData : undefined 
  TypeError: Bind parameters must not contain undefined. To pass SQL NULL specify JS null
2024-10-04 17:48:49 pm | error | db_manager : TypeError: Bind parameters must not contain undefined. To pass SQL NULL specify JS null
2024-10-04 17:48:49 pm | error | db_manager : SaveDummyData : undefined 
  TypeError: Bind parameters must not contain undefined. To pass SQL NULL specify JS null
2024-10-04 17:48:49 pm | error | db_manager : TypeError: Bind parameters must not contain undefined. To pass SQL NULL specify JS null
2024-10-04 17:48:49 pm | error | db_manager : SaveDummyData : undefined 
  TypeError: Bind parameters must not contain undefined. To pass SQL NULL specify JS null
2024-10-04 17:48:49 pm | error | db_manager : TypeError: Bind parameters must not contain undefined. To pass SQL NULL specify JS null
2024-10-04 17:48:49 pm | error | db_manager : SaveDummyData : undefined 
  TypeError: Bind parameters must not contain undefined. To pass SQL NULL specify JS null
2024-10-04 17:48:49 pm | error | db_manager : TypeError: Bind parameters must not contain undefined. To pass SQL NULL specify JS null
2024-10-04 17:48:49 pm | error | db_manager : SaveDummyData : undefined 
  TypeError: Bind parameters must not contain undefined. To pass SQL NULL specify JS null
2024-10-04 17:48:49 pm | error | db_manager : TypeError: Bind parameters must not contain undefined. To pass SQL NULL specify JS null
2024-10-04 17:48:49 pm | error | db_manager : SaveDummyData : undefined 
  TypeError: Bind parameters must not contain undefined. To pass SQL NULL specify JS null
2024-10-04 17:50:05 pm | error | db_manager : TypeError: Bind parameters must not contain undefined. To pass SQL NULL specify JS null
2024-10-04 17:50:05 pm | error | db_manager : SaveDummyData : undefined 
  TypeError: Bind parameters must not contain undefined. To pass SQL NULL specify JS null
2024-10-04 17:50:05 pm | error | db_manager : TypeError: Bind parameters must not contain undefined. To pass SQL NULL specify JS null
2024-10-04 17:50:05 pm | error | db_manager : SaveDummyData : undefined 
  TypeError: Bind parameters must not contain undefined. To pass SQL NULL specify JS null
2024-10-04 17:50:05 pm | error | db_manager : TypeError: Bind parameters must not contain undefined. To pass SQL NULL specify JS null
2024-10-04 17:50:05 pm | error | db_manager : SaveDummyData : undefined 
  TypeError: Bind parameters must not contain undefined. To pass SQL NULL specify JS null
2024-10-04 17:50:05 pm | error | db_manager : TypeError: Bind parameters must not contain undefined. To pass SQL NULL specify JS null
2024-10-04 17:50:05 pm | error | db_manager : SaveDummyData : undefined 
  TypeError: Bind parameters must not contain undefined. To pass SQL NULL specify JS null
2024-10-04 17:50:05 pm | error | db_manager : TypeError: Bind parameters must not contain undefined. To pass SQL NULL specify JS null
2024-10-04 17:50:05 pm | error | db_manager : SaveDummyData : undefined 
  TypeError: Bind parameters must not contain undefined. To pass SQL NULL specify JS null
2024-10-04 17:50:05 pm | error | db_manager : TypeError: Bind parameters must not contain undefined. To pass SQL NULL specify JS null
2024-10-04 17:50:05 pm | error | db_manager : SaveDummyData : undefined 
  TypeError: Bind parameters must not contain undefined. To pass SQL NULL specify JS null
2024-10-04 17:50:05 pm | error | db_manager : TypeError: Bind parameters must not contain undefined. To pass SQL NULL specify JS null
2024-10-04 17:50:05 pm | error | db_manager : SaveDummyData : undefined 
  TypeError: Bind parameters must not contain undefined. To pass SQL NULL specify JS null
2024-10-04 17:50:05 pm | error | db_manager : TypeError: Bind parameters must not contain undefined. To pass SQL NULL specify JS null
2024-10-04 17:50:05 pm | error | db_manager : SaveDummyData : undefined 
  TypeError: Bind parameters must not contain undefined. To pass SQL NULL specify JS null
2024-10-04 17:50:05 pm | error | db_manager : TypeError: Bind parameters must not contain undefined. To pass SQL NULL specify JS null
2024-10-04 17:50:05 pm | error | db_manager : SaveDummyData : undefined 
  TypeError: Bind parameters must not contain undefined. To pass SQL NULL specify JS null
2024-10-04 17:50:05 pm | error | db_manager : TypeError: Bind parameters must not contain undefined. To pass SQL NULL specify JS null
2024-10-04 17:50:05 pm | error | db_manager : SaveDummyData : undefined 
  TypeError: Bind parameters must not contain undefined. To pass SQL NULL specify JS null
2024-10-04 17:50:05 pm | error | db_manager : TypeError: Bind parameters must not contain undefined. To pass SQL NULL specify JS null
2024-10-04 17:50:05 pm | error | db_manager : SaveDummyData : undefined 
  TypeError: Bind parameters must not contain undefined. To pass SQL NULL specify JS null
2024-10-04 17:50:05 pm | error | db_manager : TypeError: Bind parameters must not contain undefined. To pass SQL NULL specify JS null
2024-10-04 17:50:05 pm | error | db_manager : SaveDummyData : undefined 
  TypeError: Bind parameters must not contain undefined. To pass SQL NULL specify JS null
2024-10-04 17:50:05 pm | error | db_manager : TypeError: Bind parameters must not contain undefined. To pass SQL NULL specify JS null
2024-10-04 17:50:05 pm | error | db_manager : SaveDummyData : undefined 
  TypeError: Bind parameters must not contain undefined. To pass SQL NULL specify JS null
2024-10-04 17:50:05 pm | error | db_manager : TypeError: Bind parameters must not contain undefined. To pass SQL NULL specify JS null
2024-10-04 17:50:05 pm | error | db_manager : SaveDummyData : undefined 
  TypeError: Bind parameters must not contain undefined. To pass SQL NULL specify JS null
2024-10-04 17:50:05 pm | error | db_manager : TypeError: Bind parameters must not contain undefined. To pass SQL NULL specify JS null
2024-10-04 17:50:05 pm | error | db_manager : SaveDummyData : undefined 
  TypeError: Bind parameters must not contain undefined. To pass SQL NULL specify JS null
2024-10-04 17:50:05 pm | error | db_manager : TypeError: Bind parameters must not contain undefined. To pass SQL NULL specify JS null
2024-10-04 17:50:05 pm | error | db_manager : SaveDummyData : undefined 
  TypeError: Bind parameters must not contain undefined. To pass SQL NULL specify JS null
2024-10-04 17:50:05 pm | error | db_manager : TypeError: Bind parameters must not contain undefined. To pass SQL NULL specify JS null
2024-10-04 17:50:05 pm | error | db_manager : SaveDummyData : undefined 
  TypeError: Bind parameters must not contain undefined. To pass SQL NULL specify JS null
2024-10-04 17:50:05 pm | error | db_manager : TypeError: Bind parameters must not contain undefined. To pass SQL NULL specify JS null
2024-10-04 17:50:05 pm | error | db_manager : SaveDummyData : undefined 
  TypeError: Bind parameters must not contain undefined. To pass SQL NULL specify JS null
2024-10-04 17:53:24 pm | error | db_manager : TypeError: Bind parameters must not contain undefined. To pass SQL NULL specify JS null
2024-10-04 17:53:24 pm | error | db_manager : SaveDummyData : undefined 
  TypeError: Bind parameters must not contain undefined. To pass SQL NULL specify JS null
2024-10-04 17:53:24 pm | error | db_manager : TypeError: Bind parameters must not contain undefined. To pass SQL NULL specify JS null
2024-10-04 17:53:24 pm | error | db_manager : SaveDummyData : undefined 
  TypeError: Bind parameters must not contain undefined. To pass SQL NULL specify JS null
2024-10-04 17:53:24 pm | error | db_manager : TypeError: Bind parameters must not contain undefined. To pass SQL NULL specify JS null
2024-10-04 17:53:24 pm | error | db_manager : SaveDummyData : undefined 
  TypeError: Bind parameters must not contain undefined. To pass SQL NULL specify JS null
2024-10-04 17:53:24 pm | error | db_manager : TypeError: Bind parameters must not contain undefined. To pass SQL NULL specify JS null
2024-10-04 17:53:24 pm | error | db_manager : SaveDummyData : undefined 
  TypeError: Bind parameters must not contain undefined. To pass SQL NULL specify JS null
2024-10-04 17:53:24 pm | error | db_manager : TypeError: Bind parameters must not contain undefined. To pass SQL NULL specify JS null
2024-10-04 17:53:24 pm | error | db_manager : SaveDummyData : undefined 
  TypeError: Bind parameters must not contain undefined. To pass SQL NULL specify JS null
2024-10-04 17:53:24 pm | error | db_manager : TypeError: Bind parameters must not contain undefined. To pass SQL NULL specify JS null
2024-10-04 17:53:24 pm | error | db_manager : SaveDummyData : undefined 
  TypeError: Bind parameters must not contain undefined. To pass SQL NULL specify JS null
2024-10-04 17:53:24 pm | error | db_manager : TypeError: Bind parameters must not contain undefined. To pass SQL NULL specify JS null
2024-10-04 17:53:24 pm | error | db_manager : SaveDummyData : undefined 
  TypeError: Bind parameters must not contain undefined. To pass SQL NULL specify JS null
2024-10-04 17:53:24 pm | error | db_manager : TypeError: Bind parameters must not contain undefined. To pass SQL NULL specify JS null
2024-10-04 17:53:24 pm | error | db_manager : SaveDummyData : undefined 
  TypeError: Bind parameters must not contain undefined. To pass SQL NULL specify JS null
2024-10-04 17:53:24 pm | error | db_manager : TypeError: Bind parameters must not contain undefined. To pass SQL NULL specify JS null
2024-10-04 17:53:24 pm | error | db_manager : SaveDummyData : undefined 
  TypeError: Bind parameters must not contain undefined. To pass SQL NULL specify JS null
2024-10-04 17:53:24 pm | error | db_manager : TypeError: Bind parameters must not contain undefined. To pass SQL NULL specify JS null
2024-10-04 17:53:24 pm | error | db_manager : SaveDummyData : undefined 
  TypeError: Bind parameters must not contain undefined. To pass SQL NULL specify JS null
2024-10-04 17:53:24 pm | error | db_manager : TypeError: Bind parameters must not contain undefined. To pass SQL NULL specify JS null
2024-10-04 17:53:24 pm | error | db_manager : SaveDummyData : undefined 
  TypeError: Bind parameters must not contain undefined. To pass SQL NULL specify JS null
2024-10-04 17:53:24 pm | error | db_manager : TypeError: Bind parameters must not contain undefined. To pass SQL NULL specify JS null
2024-10-04 17:53:24 pm | error | db_manager : SaveDummyData : undefined 
  TypeError: Bind parameters must not contain undefined. To pass SQL NULL specify JS null
2024-10-04 17:53:24 pm | error | db_manager : TypeError: Bind parameters must not contain undefined. To pass SQL NULL specify JS null
2024-10-04 17:53:24 pm | error | db_manager : SaveDummyData : undefined 
  TypeError: Bind parameters must not contain undefined. To pass SQL NULL specify JS null
2024-10-04 17:53:24 pm | error | db_manager : TypeError: Bind parameters must not contain undefined. To pass SQL NULL specify JS null
2024-10-04 17:53:24 pm | error | db_manager : SaveDummyData : undefined 
  TypeError: Bind parameters must not contain undefined. To pass SQL NULL specify JS null
2024-10-04 17:53:24 pm | error | db_manager : TypeError: Bind parameters must not contain undefined. To pass SQL NULL specify JS null
2024-10-04 17:53:24 pm | error | db_manager : SaveDummyData : undefined 
  TypeError: Bind parameters must not contain undefined. To pass SQL NULL specify JS null
2024-10-04 17:53:24 pm | error | db_manager : TypeError: Bind parameters must not contain undefined. To pass SQL NULL specify JS null
2024-10-04 17:53:24 pm | error | db_manager : SaveDummyData : undefined 
  TypeError: Bind parameters must not contain undefined. To pass SQL NULL specify JS null
2024-10-04 17:53:24 pm | error | db_manager : TypeError: Bind parameters must not contain undefined. To pass SQL NULL specify JS null
2024-10-04 17:53:24 pm | error | db_manager : SaveDummyData : undefined 
  TypeError: Bind parameters must not contain undefined. To pass SQL NULL specify JS null
2024-10-04 17:53:24 pm | error | db_manager : TypeError: Bind parameters must not contain undefined. To pass SQL NULL specify JS null
2024-10-04 17:53:24 pm | error | db_manager : SaveDummyData : undefined 
  TypeError: Bind parameters must not contain undefined. To pass SQL NULL specify JS null
2024-10-04 17:54:23 pm | error | db_manager : TypeError: Bind parameters must not contain undefined. To pass SQL NULL specify JS null
2024-10-04 17:54:23 pm | error | db_manager : SaveDummyData : undefined 
  TypeError: Bind parameters must not contain undefined. To pass SQL NULL specify JS null
2024-10-04 17:54:23 pm | error | db_manager : TypeError: Bind parameters must not contain undefined. To pass SQL NULL specify JS null
2024-10-04 17:54:23 pm | error | db_manager : SaveDummyData : undefined 
  TypeError: Bind parameters must not contain undefined. To pass SQL NULL specify JS null
2024-10-04 17:54:23 pm | error | db_manager : TypeError: Bind parameters must not contain undefined. To pass SQL NULL specify JS null
2024-10-04 17:54:23 pm | error | db_manager : SaveDummyData : undefined 
  TypeError: Bind parameters must not contain undefined. To pass SQL NULL specify JS null
2024-10-04 17:54:23 pm | error | db_manager : TypeError: Bind parameters must not contain undefined. To pass SQL NULL specify JS null
2024-10-04 17:54:23 pm | error | db_manager : SaveDummyData : undefined 
  TypeError: Bind parameters must not contain undefined. To pass SQL NULL specify JS null
2024-10-04 17:54:23 pm | error | db_manager : TypeError: Bind parameters must not contain undefined. To pass SQL NULL specify JS null
2024-10-04 17:54:23 pm | error | db_manager : SaveDummyData : undefined 
  TypeError: Bind parameters must not contain undefined. To pass SQL NULL specify JS null
2024-10-04 17:54:23 pm | error | db_manager : TypeError: Bind parameters must not contain undefined. To pass SQL NULL specify JS null
2024-10-04 17:54:23 pm | error | db_manager : SaveDummyData : undefined 
  TypeError: Bind parameters must not contain undefined. To pass SQL NULL specify JS null
2024-10-04 17:54:23 pm | error | db_manager : TypeError: Bind parameters must not contain undefined. To pass SQL NULL specify JS null
2024-10-04 17:54:23 pm | error | db_manager : SaveDummyData : undefined 
  TypeError: Bind parameters must not contain undefined. To pass SQL NULL specify JS null
2024-10-04 17:54:23 pm | error | db_manager : TypeError: Bind parameters must not contain undefined. To pass SQL NULL specify JS null
2024-10-04 17:54:23 pm | error | db_manager : SaveDummyData : undefined 
  TypeError: Bind parameters must not contain undefined. To pass SQL NULL specify JS null
2024-10-04 17:54:23 pm | error | db_manager : TypeError: Bind parameters must not contain undefined. To pass SQL NULL specify JS null
2024-10-04 17:54:23 pm | error | db_manager : SaveDummyData : undefined 
  TypeError: Bind parameters must not contain undefined. To pass SQL NULL specify JS null
2024-10-04 17:54:23 pm | error | db_manager : TypeError: Bind parameters must not contain undefined. To pass SQL NULL specify JS null
2024-10-04 17:54:23 pm | error | db_manager : SaveDummyData : undefined 
  TypeError: Bind parameters must not contain undefined. To pass SQL NULL specify JS null
2024-10-04 17:54:23 pm | error | db_manager : TypeError: Bind parameters must not contain undefined. To pass SQL NULL specify JS null
2024-10-04 17:54:23 pm | error | db_manager : SaveDummyData : undefined 
  TypeError: Bind parameters must not contain undefined. To pass SQL NULL specify JS null
2024-10-04 17:54:23 pm | error | db_manager : TypeError: Bind parameters must not contain undefined. To pass SQL NULL specify JS null
2024-10-04 17:54:23 pm | error | db_manager : SaveDummyData : undefined 
  TypeError: Bind parameters must not contain undefined. To pass SQL NULL specify JS null
2024-10-04 17:54:23 pm | error | db_manager : TypeError: Bind parameters must not contain undefined. To pass SQL NULL specify JS null
2024-10-04 17:54:23 pm | error | db_manager : SaveDummyData : undefined 
  TypeError: Bind parameters must not contain undefined. To pass SQL NULL specify JS null
2024-10-04 17:54:23 pm | error | db_manager : TypeError: Bind parameters must not contain undefined. To pass SQL NULL specify JS null
2024-10-04 17:54:23 pm | error | db_manager : SaveDummyData : undefined 
  TypeError: Bind parameters must not contain undefined. To pass SQL NULL specify JS null
2024-10-04 17:54:23 pm | error | db_manager : TypeError: Bind parameters must not contain undefined. To pass SQL NULL specify JS null
2024-10-04 17:54:23 pm | error | db_manager : SaveDummyData : undefined 
  TypeError: Bind parameters must not contain undefined. To pass SQL NULL specify JS null
2024-10-04 17:54:23 pm | error | db_manager : TypeError: Bind parameters must not contain undefined. To pass SQL NULL specify JS null
2024-10-04 17:54:23 pm | error | db_manager : SaveDummyData : undefined 
  TypeError: Bind parameters must not contain undefined. To pass SQL NULL specify JS null
2024-10-04 17:54:23 pm | error | db_manager : TypeError: Bind parameters must not contain undefined. To pass SQL NULL specify JS null
2024-10-04 17:54:23 pm | error | db_manager : SaveDummyData : undefined 
  TypeError: Bind parameters must not contain undefined. To pass SQL NULL specify JS null
2024-10-04 17:54:23 pm | error | db_manager : TypeError: Bind parameters must not contain undefined. To pass SQL NULL specify JS null
2024-10-04 17:54:23 pm | error | db_manager : SaveDummyData : undefined 
  TypeError: Bind parameters must not contain undefined. To pass SQL NULL specify JS null
2024-10-04 17:55:23 pm | error | db_manager : TypeError: Bind parameters must not contain undefined. To pass SQL NULL specify JS null
2024-10-04 17:55:23 pm | error | db_manager : SaveDummyData : undefined 
  TypeError: Bind parameters must not contain undefined. To pass SQL NULL specify JS null
2024-10-04 17:55:23 pm | error | db_manager : TypeError: Bind parameters must not contain undefined. To pass SQL NULL specify JS null
2024-10-04 17:55:23 pm | error | db_manager : SaveDummyData : undefined 
  TypeError: Bind parameters must not contain undefined. To pass SQL NULL specify JS null
2024-10-04 17:55:23 pm | error | db_manager : TypeError: Bind parameters must not contain undefined. To pass SQL NULL specify JS null
2024-10-04 17:55:23 pm | error | db_manager : SaveDummyData : undefined 
  TypeError: Bind parameters must not contain undefined. To pass SQL NULL specify JS null
2024-10-04 17:55:23 pm | error | db_manager : TypeError: Bind parameters must not contain undefined. To pass SQL NULL specify JS null
2024-10-04 17:55:23 pm | error | db_manager : SaveDummyData : undefined 
  TypeError: Bind parameters must not contain undefined. To pass SQL NULL specify JS null
2024-10-04 17:55:23 pm | error | db_manager : TypeError: Bind parameters must not contain undefined. To pass SQL NULL specify JS null
2024-10-04 17:55:23 pm | error | db_manager : SaveDummyData : undefined 
  TypeError: Bind parameters must not contain undefined. To pass SQL NULL specify JS null
2024-10-04 17:55:23 pm | error | db_manager : TypeError: Bind parameters must not contain undefined. To pass SQL NULL specify JS null
2024-10-04 17:55:23 pm | error | db_manager : SaveDummyData : undefined 
  TypeError: Bind parameters must not contain undefined. To pass SQL NULL specify JS null
2024-10-04 17:55:23 pm | error | db_manager : TypeError: Bind parameters must not contain undefined. To pass SQL NULL specify JS null
2024-10-04 17:55:23 pm | error | db_manager : SaveDummyData : undefined 
  TypeError: Bind parameters must not contain undefined. To pass SQL NULL specify JS null
2024-10-04 17:55:23 pm | error | db_manager : TypeError: Bind parameters must not contain undefined. To pass SQL NULL specify JS null
2024-10-04 17:55:23 pm | error | db_manager : SaveDummyData : undefined 
  TypeError: Bind parameters must not contain undefined. To pass SQL NULL specify JS null
2024-10-04 17:55:23 pm | error | db_manager : TypeError: Bind parameters must not contain undefined. To pass SQL NULL specify JS null
2024-10-04 17:55:23 pm | error | db_manager : SaveDummyData : undefined 
  TypeError: Bind parameters must not contain undefined. To pass SQL NULL specify JS null
2024-10-04 17:55:23 pm | error | db_manager : TypeError: Bind parameters must not contain undefined. To pass SQL NULL specify JS null
2024-10-04 17:55:23 pm | error | db_manager : SaveDummyData : undefined 
  TypeError: Bind parameters must not contain undefined. To pass SQL NULL specify JS null
2024-10-04 17:55:23 pm | error | db_manager : TypeError: Bind parameters must not contain undefined. To pass SQL NULL specify JS null
2024-10-04 17:55:23 pm | error | db_manager : SaveDummyData : undefined 
  TypeError: Bind parameters must not contain undefined. To pass SQL NULL specify JS null
2024-10-04 17:55:23 pm | error | db_manager : TypeError: Bind parameters must not contain undefined. To pass SQL NULL specify JS null
2024-10-04 17:55:23 pm | error | db_manager : SaveDummyData : undefined 
  TypeError: Bind parameters must not contain undefined. To pass SQL NULL specify JS null
2024-10-04 17:55:23 pm | error | db_manager : TypeError: Bind parameters must not contain undefined. To pass SQL NULL specify JS null
2024-10-04 17:55:23 pm | error | db_manager : SaveDummyData : undefined 
  TypeError: Bind parameters must not contain undefined. To pass SQL NULL specify JS null
2024-10-04 17:55:23 pm | error | db_manager : TypeError: Bind parameters must not contain undefined. To pass SQL NULL specify JS null
2024-10-04 17:55:23 pm | error | db_manager : SaveDummyData : undefined 
  TypeError: Bind parameters must not contain undefined. To pass SQL NULL specify JS null
2024-10-04 17:55:23 pm | error | db_manager : TypeError: Bind parameters must not contain undefined. To pass SQL NULL specify JS null
2024-10-04 17:55:23 pm | error | db_manager : SaveDummyData : undefined 
  TypeError: Bind parameters must not contain undefined. To pass SQL NULL specify JS null
2024-10-04 17:55:23 pm | error | db_manager : TypeError: Bind parameters must not contain undefined. To pass SQL NULL specify JS null
2024-10-04 17:55:23 pm | error | db_manager : SaveDummyData : undefined 
  TypeError: Bind parameters must not contain undefined. To pass SQL NULL specify JS null
2024-10-04 17:55:23 pm | error | db_manager : TypeError: Bind parameters must not contain undefined. To pass SQL NULL specify JS null
2024-10-04 17:55:23 pm | error | db_manager : SaveDummyData : undefined 
  TypeError: Bind parameters must not contain undefined. To pass SQL NULL specify JS null
2024-10-04 17:55:23 pm | error | db_manager : TypeError: Bind parameters must not contain undefined. To pass SQL NULL specify JS null
2024-10-04 17:55:23 pm | error | db_manager : SaveDummyData : undefined 
  TypeError: Bind parameters must not contain undefined. To pass SQL NULL specify JS null
2024-10-04 17:56:21 pm | error | db_manager : TypeError: Bind parameters must not contain undefined. To pass SQL NULL specify JS null
2024-10-04 17:56:21 pm | error | db_manager : SaveDummyData : undefined 
  TypeError: Bind parameters must not contain undefined. To pass SQL NULL specify JS null
2024-10-04 17:56:21 pm | error | db_manager : TypeError: Bind parameters must not contain undefined. To pass SQL NULL specify JS null
2024-10-04 17:56:21 pm | error | db_manager : SaveDummyData : undefined 
  TypeError: Bind parameters must not contain undefined. To pass SQL NULL specify JS null
2024-10-04 17:56:21 pm | error | db_manager : TypeError: Bind parameters must not contain undefined. To pass SQL NULL specify JS null
2024-10-04 17:56:21 pm | error | db_manager : SaveDummyData : undefined 
  TypeError: Bind parameters must not contain undefined. To pass SQL NULL specify JS null
2024-10-04 17:56:21 pm | error | db_manager : TypeError: Bind parameters must not contain undefined. To pass SQL NULL specify JS null
2024-10-04 17:56:21 pm | error | db_manager : SaveDummyData : undefined 
  TypeError: Bind parameters must not contain undefined. To pass SQL NULL specify JS null
2024-10-04 17:56:21 pm | error | db_manager : TypeError: Bind parameters must not contain undefined. To pass SQL NULL specify JS null
2024-10-04 17:56:21 pm | error | db_manager : SaveDummyData : undefined 
  TypeError: Bind parameters must not contain undefined. To pass SQL NULL specify JS null
2024-10-04 17:56:21 pm | error | db_manager : TypeError: Bind parameters must not contain undefined. To pass SQL NULL specify JS null
2024-10-04 17:56:21 pm | error | db_manager : SaveDummyData : undefined 
  TypeError: Bind parameters must not contain undefined. To pass SQL NULL specify JS null
2024-10-04 17:56:21 pm | error | db_manager : TypeError: Bind parameters must not contain undefined. To pass SQL NULL specify JS null
2024-10-04 17:56:21 pm | error | db_manager : SaveDummyData : undefined 
  TypeError: Bind parameters must not contain undefined. To pass SQL NULL specify JS null
2024-10-04 17:56:21 pm | error | db_manager : TypeError: Bind parameters must not contain undefined. To pass SQL NULL specify JS null
2024-10-04 17:56:21 pm | error | db_manager : SaveDummyData : undefined 
  TypeError: Bind parameters must not contain undefined. To pass SQL NULL specify JS null
2024-10-04 17:56:21 pm | error | db_manager : TypeError: Bind parameters must not contain undefined. To pass SQL NULL specify JS null
2024-10-04 17:56:21 pm | error | db_manager : SaveDummyData : undefined 
  TypeError: Bind parameters must not contain undefined. To pass SQL NULL specify JS null
2024-10-04 17:56:21 pm | error | db_manager : TypeError: Bind parameters must not contain undefined. To pass SQL NULL specify JS null
2024-10-04 17:56:21 pm | error | db_manager : SaveDummyData : undefined 
  TypeError: Bind parameters must not contain undefined. To pass SQL NULL specify JS null
2024-10-04 17:56:21 pm | error | db_manager : TypeError: Bind parameters must not contain undefined. To pass SQL NULL specify JS null
2024-10-04 17:56:21 pm | error | db_manager : SaveDummyData : undefined 
  TypeError: Bind parameters must not contain undefined. To pass SQL NULL specify JS null
2024-10-04 17:56:21 pm | error | db_manager : TypeError: Bind parameters must not contain undefined. To pass SQL NULL specify JS null
2024-10-04 17:56:21 pm | error | db_manager : SaveDummyData : undefined 
  TypeError: Bind parameters must not contain undefined. To pass SQL NULL specify JS null
2024-10-04 17:56:21 pm | error | db_manager : TypeError: Bind parameters must not contain undefined. To pass SQL NULL specify JS null
2024-10-04 17:56:21 pm | error | db_manager : SaveDummyData : undefined 
  TypeError: Bind parameters must not contain undefined. To pass SQL NULL specify JS null
2024-10-04 17:56:21 pm | error | db_manager : TypeError: Bind parameters must not contain undefined. To pass SQL NULL specify JS null
2024-10-04 17:56:21 pm | error | db_manager : SaveDummyData : undefined 
  TypeError: Bind parameters must not contain undefined. To pass SQL NULL specify JS null
2024-10-04 17:56:21 pm | error | db_manager : TypeError: Bind parameters must not contain undefined. To pass SQL NULL specify JS null
2024-10-04 17:56:21 pm | error | db_manager : SaveDummyData : undefined 
  TypeError: Bind parameters must not contain undefined. To pass SQL NULL specify JS null
2024-10-04 17:56:21 pm | error | db_manager : TypeError: Bind parameters must not contain undefined. To pass SQL NULL specify JS null
2024-10-04 17:56:21 pm | error | db_manager : SaveDummyData : undefined 
  TypeError: Bind parameters must not contain undefined. To pass SQL NULL specify JS null
2024-10-04 17:56:21 pm | error | db_manager : TypeError: Bind parameters must not contain undefined. To pass SQL NULL specify JS null
2024-10-04 17:56:21 pm | error | db_manager : SaveDummyData : undefined 
  TypeError: Bind parameters must not contain undefined. To pass SQL NULL specify JS null
2024-10-04 17:56:21 pm | error | db_manager : TypeError: Bind parameters must not contain undefined. To pass SQL NULL specify JS null
2024-10-04 17:56:21 pm | error | db_manager : SaveDummyData : undefined 
  TypeError: Bind parameters must not contain undefined. To pass SQL NULL specify JS null
2024-10-04 17:58:39 pm | error | db_manager : TypeError: Bind parameters must not contain undefined. To pass SQL NULL specify JS null
2024-10-04 17:58:39 pm | error | db_manager : SaveDummyData : undefined 
  TypeError: Bind parameters must not contain undefined. To pass SQL NULL specify JS null
2024-10-04 17:58:39 pm | error | db_manager : TypeError: Bind parameters must not contain undefined. To pass SQL NULL specify JS null
2024-10-04 17:58:39 pm | error | db_manager : SaveDummyData : undefined 
  TypeError: Bind parameters must not contain undefined. To pass SQL NULL specify JS null
2024-10-04 17:58:39 pm | error | db_manager : TypeError: Bind parameters must not contain undefined. To pass SQL NULL specify JS null
2024-10-04 17:58:39 pm | error | db_manager : SaveDummyData : undefined 
  TypeError: Bind parameters must not contain undefined. To pass SQL NULL specify JS null
2024-10-04 17:58:39 pm | error | db_manager : TypeError: Bind parameters must not contain undefined. To pass SQL NULL specify JS null
2024-10-04 17:58:39 pm | error | db_manager : SaveDummyData : undefined 
  TypeError: Bind parameters must not contain undefined. To pass SQL NULL specify JS null
2024-10-04 17:58:39 pm | error | db_manager : TypeError: Bind parameters must not contain undefined. To pass SQL NULL specify JS null
2024-10-04 17:58:39 pm | error | db_manager : SaveDummyData : undefined 
  TypeError: Bind parameters must not contain undefined. To pass SQL NULL specify JS null
2024-10-04 17:58:39 pm | error | db_manager : TypeError: Bind parameters must not contain undefined. To pass SQL NULL specify JS null
2024-10-04 17:58:39 pm | error | db_manager : SaveDummyData : undefined 
  TypeError: Bind parameters must not contain undefined. To pass SQL NULL specify JS null
2024-10-04 17:58:39 pm | error | db_manager : TypeError: Bind parameters must not contain undefined. To pass SQL NULL specify JS null
2024-10-04 17:58:39 pm | error | db_manager : SaveDummyData : undefined 
  TypeError: Bind parameters must not contain undefined. To pass SQL NULL specify JS null
2024-10-04 17:58:39 pm | error | db_manager : TypeError: Bind parameters must not contain undefined. To pass SQL NULL specify JS null
2024-10-04 17:58:39 pm | error | db_manager : SaveDummyData : undefined 
  TypeError: Bind parameters must not contain undefined. To pass SQL NULL specify JS null
2024-10-04 17:58:39 pm | error | db_manager : TypeError: Bind parameters must not contain undefined. To pass SQL NULL specify JS null
2024-10-04 17:58:39 pm | error | db_manager : SaveDummyData : undefined 
  TypeError: Bind parameters must not contain undefined. To pass SQL NULL specify JS null
2024-10-04 17:58:39 pm | error | db_manager : TypeError: Bind parameters must not contain undefined. To pass SQL NULL specify JS null
2024-10-04 17:58:39 pm | error | db_manager : SaveDummyData : undefined 
  TypeError: Bind parameters must not contain undefined. To pass SQL NULL specify JS null
2024-10-04 17:58:39 pm | error | db_manager : TypeError: Bind parameters must not contain undefined. To pass SQL NULL specify JS null
2024-10-04 17:58:39 pm | error | db_manager : SaveDummyData : undefined 
  TypeError: Bind parameters must not contain undefined. To pass SQL NULL specify JS null
2024-10-04 17:58:39 pm | error | db_manager : TypeError: Bind parameters must not contain undefined. To pass SQL NULL specify JS null
2024-10-04 17:58:39 pm | error | db_manager : SaveDummyData : undefined 
  TypeError: Bind parameters must not contain undefined. To pass SQL NULL specify JS null
2024-10-04 17:58:39 pm | error | db_manager : TypeError: Bind parameters must not contain undefined. To pass SQL NULL specify JS null
2024-10-04 17:58:39 pm | error | db_manager : SaveDummyData : undefined 
  TypeError: Bind parameters must not contain undefined. To pass SQL NULL specify JS null
2024-10-04 17:58:39 pm | error | db_manager : TypeError: Bind parameters must not contain undefined. To pass SQL NULL specify JS null
2024-10-04 17:58:39 pm | error | db_manager : SaveDummyData : undefined 
  TypeError: Bind parameters must not contain undefined. To pass SQL NULL specify JS null
2024-10-04 17:58:39 pm | error | db_manager : TypeError: Bind parameters must not contain undefined. To pass SQL NULL specify JS null
2024-10-04 17:58:39 pm | error | db_manager : SaveDummyData : undefined 
  TypeError: Bind parameters must not contain undefined. To pass SQL NULL specify JS null
2024-10-04 17:58:39 pm | error | db_manager : TypeError: Bind parameters must not contain undefined. To pass SQL NULL specify JS null
2024-10-04 17:58:39 pm | error | db_manager : SaveDummyData : undefined 
  TypeError: Bind parameters must not contain undefined. To pass SQL NULL specify JS null
2024-10-04 17:58:39 pm | error | db_manager : TypeError: Bind parameters must not contain undefined. To pass SQL NULL specify JS null
2024-10-04 17:58:39 pm | error | db_manager : SaveDummyData : undefined 
  TypeError: Bind parameters must not contain undefined. To pass SQL NULL specify JS null
2024-10-04 17:58:39 pm | error | db_manager : TypeError: Bind parameters must not contain undefined. To pass SQL NULL specify JS null
2024-10-04 17:58:39 pm | error | db_manager : SaveDummyData : undefined 
  TypeError: Bind parameters must not contain undefined. To pass SQL NULL specify JS null
