2024-10-06 05:20:55 am | error | db_manager : Error: connect ETIMEDOUT
2024-10-06 05:20:55 am | error | db_manager : GetDeviceState : Error: connect ETIMEDOUT
2024-10-06 05:20:56 am | error | db_manager : Error: connect ETIMEDOUT
2024-10-06 05:20:56 am | error | db_manager : GetDeviceState : Error: connect ETIMEDOUT
2024-10-06 05:20:57 am | error | db_manager : Error: connect ETIMEDOUT
2024-10-06 05:20:57 am | error | db_manager : GetDeviceState : Error: connect ETIMEDOUT
2024-10-06 05:20:58 am | error | db_manager : Error: connect ETIMEDOUT
2024-10-06 05:20:58 am | error | db_manager : GetDeviceState : Error: connect ETIMEDOUT
2024-10-06 05:20:59 am | error | db_manager : Error: connect ETIMEDOUT
2024-10-06 05:20:59 am | error | db_manager : GetDeviceState : Error: connect ETIMEDOUT
2024-10-06 05:21:00 am | error | db_manager : Error: connect ETIMEDOUT
2024-10-06 05:21:00 am | error | db_manager : GetDeviceState : Error: connect ETIMEDOUT
2024-10-06 05:21:01 am | error | db_manager : Error: connect ETIMEDOUT
2024-10-06 05:21:01 am | error | db_manager : GetDeviceState : Error: connect ETIMEDOUT
2024-10-06 05:21:01 am | error | db_manager : Error: connect ETIMEDOUT
2024-10-06 05:21:01 am | error | db_manager : SaveDummyData : undefined 
  Error: connect ETIMEDOUT
2024-10-06 05:21:02 am | error | db_manager : Error: connect ETIMEDOUT
2024-10-06 05:21:02 am | error | db_manager : GetDeviceState : Error: connect ETIMEDOUT
2024-10-06 05:21:03 am | error | db_manager : Error: connect ETIMEDOUT
2024-10-06 05:21:03 am | error | db_manager : GetDeviceState : Error: connect ETIMEDOUT
2024-10-06 05:21:05 am | error | db_manager : Error: connect ETIMEDOUT
2024-10-06 05:21:05 am | error | db_manager : GetDeviceState : Error: connect ETIMEDOUT
2024-10-06 05:21:06 am | error | db_manager : Error: connect ETIMEDOUT
2024-10-06 05:21:06 am | error | db_manager : GetDeviceState : Error: connect ETIMEDOUT
2024-10-06 05:21:07 am | error | db_manager : Error: connect ETIMEDOUT
2024-10-06 05:21:07 am | error | db_manager : GetDeviceState : Error: connect ETIMEDOUT
2024-10-06 05:21:08 am | error | db_manager : Error: connect ETIMEDOUT
2024-10-06 05:21:08 am | error | db_manager : GetDeviceState : Error: connect ETIMEDOUT
2024-10-06 05:21:09 am | error | db_manager : Error: connect ETIMEDOUT
2024-10-06 05:21:09 am | error | db_manager : GetDeviceState : Error: connect ETIMEDOUT
2024-10-06 05:21:10 am | error | db_manager : Error: connect ETIMEDOUT
2024-10-06 05:21:10 am | error | db_manager : GetDeviceState : Error: connect ETIMEDOUT
2024-10-06 05:21:11 am | error | db_manager : Error: connect ETIMEDOUT
2024-10-06 05:21:11 am | error | db_manager : GetDeviceState : Error: connect ETIMEDOUT
2024-10-06 05:21:11 am | error | db_manager : Error: connect ETIMEDOUT
2024-10-06 05:21:11 am | error | db_manager : SaveDummyData : undefined 
  Error: connect ETIMEDOUT
2024-10-06 05:21:12 am | error | db_manager : Error: connect ETIMEDOUT
2024-10-06 05:21:12 am | error | db_manager : GetDeviceState : Error: connect ETIMEDOUT
2024-10-06 05:21:13 am | error | db_manager : Error: connect ETIMEDOUT
2024-10-06 05:21:13 am | error | db_manager : GetDeviceState : Error: connect ETIMEDOUT
2024-10-06 05:21:15 am | error | db_manager : Error: connect ETIMEDOUT
2024-10-06 05:21:15 am | error | db_manager : GetDeviceState : Error: connect ETIMEDOUT
2024-10-06 05:21:16 am | error | db_manager : Error: connect ETIMEDOUT
2024-10-06 05:21:16 am | error | db_manager : GetDeviceState : Error: connect ETIMEDOUT
2024-10-06 05:21:17 am | error | db_manager : Error: connect ETIMEDOUT
2024-10-06 05:21:17 am | error | db_manager : GetDeviceState : Error: connect ETIMEDOUT
2024-10-06 05:21:18 am | error | db_manager : Error: connect ETIMEDOUT
2024-10-06 05:21:18 am | error | db_manager : GetDeviceState : Error: connect ETIMEDOUT
2024-10-06 05:21:19 am | error | db_manager : Error: connect ETIMEDOUT
2024-10-06 05:21:19 am | error | db_manager : GetDeviceState : Error: connect ETIMEDOUT
2024-10-06 05:21:20 am | error | db_manager : Error: connect ETIMEDOUT
2024-10-06 05:21:20 am | error | db_manager : GetDeviceState : Error: connect ETIMEDOUT
2024-10-06 05:21:21 am | error | db_manager : Error: connect ETIMEDOUT
2024-10-06 05:21:21 am | error | db_manager : GetDeviceState : Error: connect ETIMEDOUT
2024-10-06 05:21:21 am | error | db_manager : Error: connect ETIMEDOUT
2024-10-06 05:21:21 am | error | db_manager : GetDeviceState : Error: connect ETIMEDOUT
2024-10-06 05:21:22 am | error | db_manager : Error: connect ETIMEDOUT
2024-10-06 05:21:22 am | error | db_manager : SaveDummyData : undefined 
  Error: connect ETIMEDOUT
2024-10-06 05:21:23 am | error | db_manager : Error: connect ETIMEDOUT
2024-10-06 05:21:23 am | error | db_manager : GetDeviceState : Error: connect ETIMEDOUT
2024-10-06 05:21:25 am | error | db_manager : Error: connect ETIMEDOUT
2024-10-06 05:21:25 am | error | db_manager : GetDeviceState : Error: connect ETIMEDOUT
2024-10-06 05:21:26 am | error | db_manager : Error: connect ETIMEDOUT
2024-10-06 05:21:26 am | error | db_manager : GetDeviceState : Error: connect ETIMEDOUT
2024-10-06 05:21:27 am | error | db_manager : Error: connect ETIMEDOUT
2024-10-06 05:21:27 am | error | db_manager : GetDeviceState : Error: connect ETIMEDOUT
2024-10-06 05:21:28 am | error | db_manager : Error: connect ETIMEDOUT
2024-10-06 05:21:28 am | error | db_manager : GetDeviceState : Error: connect ETIMEDOUT
2024-10-06 05:21:29 am | error | db_manager : Error: connect ETIMEDOUT
2024-10-06 05:21:29 am | error | db_manager : GetDeviceState : Error: connect ETIMEDOUT
2024-10-06 05:21:30 am | error | db_manager : Error: connect ETIMEDOUT
2024-10-06 05:21:30 am | error | db_manager : GetDeviceState : Error: connect ETIMEDOUT
2024-10-06 05:21:31 am | error | db_manager : Error: connect ETIMEDOUT
2024-10-06 05:21:31 am | error | db_manager : GetDeviceState : Error: connect ETIMEDOUT
2024-10-06 05:21:31 am | error | db_manager : Error: connect ETIMEDOUT
2024-10-06 05:21:31 am | error | db_manager : GetDeviceState : Error: connect ETIMEDOUT
2024-10-06 05:21:32 am | error | db_manager : Error: connect ETIMEDOUT
2024-10-06 05:21:32 am | error | db_manager : GetDeviceState : Error: connect ETIMEDOUT
2024-10-06 05:21:33 am | error | db_manager : Error: connect ETIMEDOUT
2024-10-06 05:21:33 am | error | db_manager : GetDeviceState : Error: connect ETIMEDOUT
2024-10-06 05:21:35 am | error | db_manager : Error: connect ETIMEDOUT
2024-10-06 05:21:35 am | error | db_manager : SaveDummyData : undefined 
  Error: connect ETIMEDOUT
2024-10-06 05:21:36 am | error | db_manager : Error: connect ETIMEDOUT
2024-10-06 05:21:36 am | error | db_manager : GetDeviceState : Error: connect ETIMEDOUT
2024-10-06 05:21:37 am | error | db_manager : Error: connect ETIMEDOUT
2024-10-06 05:21:37 am | error | db_manager : GetDeviceState : Error: connect ETIMEDOUT
2024-10-06 05:21:38 am | error | db_manager : Error: connect ETIMEDOUT
2024-10-06 05:21:38 am | error | db_manager : GetDeviceState : Error: connect ETIMEDOUT
2024-10-06 05:21:39 am | error | db_manager : Error: connect ETIMEDOUT
2024-10-06 05:21:39 am | error | db_manager : GetDeviceState : Error: connect ETIMEDOUT
2024-10-06 05:21:40 am | error | db_manager : Error: connect ETIMEDOUT
2024-10-06 05:21:40 am | error | db_manager : GetDeviceState : Error: connect ETIMEDOUT
2024-10-06 05:21:41 am | error | db_manager : Error: connect ETIMEDOUT
2024-10-06 05:21:41 am | error | db_manager : GetDeviceState : Error: connect ETIMEDOUT
2024-10-06 05:21:41 am | error | db_manager : Error: connect ETIMEDOUT
2024-10-06 05:21:41 am | error | db_manager : GetDeviceState : Error: connect ETIMEDOUT
2024-10-06 05:21:42 am | error | db_manager : Error: connect ETIMEDOUT
2024-10-06 05:21:42 am | error | db_manager : GetDeviceState : Error: connect ETIMEDOUT
2024-10-06 05:21:43 am | error | db_manager : Error: connect ETIMEDOUT
2024-10-06 05:21:43 am | error | db_manager : GetDeviceState : Error: connect ETIMEDOUT
2024-10-06 05:22:27 am | error | db_manager : Error: connect ETIMEDOUT
2024-10-06 05:22:27 am | error | db_manager : GetDeviceState : Error: connect ETIMEDOUT
2024-10-06 05:22:28 am | error | db_manager : Error: connect ETIMEDOUT
2024-10-06 05:22:28 am | error | db_manager : GetDeviceState : Error: connect ETIMEDOUT
2024-10-06 05:22:29 am | error | db_manager : Error: connect ETIMEDOUT
2024-10-06 05:22:29 am | error | db_manager : GetDeviceState : Error: connect ETIMEDOUT
2024-10-06 05:22:30 am | error | db_manager : Error: connect ETIMEDOUT
2024-10-06 05:22:30 am | error | db_manager : GetDeviceState : Error: connect ETIMEDOUT
2024-10-06 05:22:30 am | error | db_manager : Error: connect ETIMEDOUT
2024-10-06 05:22:30 am | error | db_manager : SaveDummyData : undefined 
  Error: connect ETIMEDOUT
2024-10-06 05:22:31 am | error | db_manager : Error: connect ETIMEDOUT
2024-10-06 05:22:31 am | error | db_manager : GetDeviceState : Error: connect ETIMEDOUT
2024-10-06 05:22:32 am | error | db_manager : Error: connect ETIMEDOUT
2024-10-06 05:22:32 am | error | db_manager : GetDeviceState : Error: connect ETIMEDOUT
2024-10-06 05:22:33 am | error | db_manager : Error: connect ETIMEDOUT
2024-10-06 05:22:33 am | error | db_manager : GetDeviceState : Error: connect ETIMEDOUT
2024-10-06 05:22:34 am | error | db_manager : Error: connect ETIMEDOUT
2024-10-06 05:22:34 am | error | db_manager : GetDeviceState : Error: connect ETIMEDOUT
2024-10-06 05:22:35 am | error | db_manager : Error: connect ETIMEDOUT
2024-10-06 05:22:35 am | error | db_manager : GetDeviceState : Error: connect ETIMEDOUT
2024-10-06 05:22:37 am | error | db_manager : Error: connect ETIMEDOUT
2024-10-06 05:22:37 am | error | db_manager : GetDeviceState : Error: connect ETIMEDOUT
2024-10-06 05:22:38 am | error | db_manager : Error: connect ETIMEDOUT
2024-10-06 05:22:38 am | error | db_manager : GetDeviceState : Error: connect ETIMEDOUT
2024-10-06 05:22:39 am | error | db_manager : Error: connect ETIMEDOUT
2024-10-06 05:22:39 am | error | db_manager : GetDeviceState : Error: connect ETIMEDOUT
2024-10-06 05:22:40 am | error | db_manager : Error: connect ETIMEDOUT
2024-10-06 05:22:40 am | error | db_manager : GetDeviceState : Error: connect ETIMEDOUT
2024-10-06 05:22:40 am | error | db_manager : Error: connect ETIMEDOUT
2024-10-06 05:22:40 am | error | db_manager : GetDeviceState : Error: connect ETIMEDOUT
2024-10-06 05:22:41 am | error | db_manager : Error: connect ETIMEDOUT
2024-10-06 05:22:41 am | error | db_manager : SaveDummyData : undefined 
  Error: connect ETIMEDOUT
2024-10-06 05:22:42 am | error | db_manager : Error: connect ETIMEDOUT
2024-10-06 05:22:42 am | error | db_manager : GetDeviceState : Error: connect ETIMEDOUT
2024-10-06 05:22:43 am | error | db_manager : Error: connect ETIMEDOUT
2024-10-06 05:22:43 am | error | db_manager : GetDeviceState : Error: connect ETIMEDOUT
2024-10-06 05:22:44 am | error | db_manager : Error: connect ETIMEDOUT
2024-10-06 05:22:44 am | error | db_manager : GetDeviceState : Error: connect ETIMEDOUT
2024-10-06 05:22:45 am | error | db_manager : Error: connect ETIMEDOUT
2024-10-06 05:22:45 am | error | db_manager : GetDeviceState : Error: connect ETIMEDOUT
2024-10-06 05:22:47 am | error | db_manager : Error: connect ETIMEDOUT
2024-10-06 05:22:47 am | error | db_manager : GetDeviceState : Error: connect ETIMEDOUT
2024-10-06 05:22:48 am | error | db_manager : Error: connect ETIMEDOUT
2024-10-06 05:22:48 am | error | db_manager : GetDeviceState : Error: connect ETIMEDOUT
2024-10-06 05:22:49 am | error | db_manager : Error: connect ETIMEDOUT
2024-10-06 05:22:49 am | error | db_manager : GetDeviceState : Error: connect ETIMEDOUT
2024-10-06 05:22:50 am | error | db_manager : Error: connect ETIMEDOUT
2024-10-06 05:22:50 am | error | db_manager : GetDeviceState : Error: connect ETIMEDOUT
2024-10-06 05:22:50 am | error | db_manager : Error: connect ETIMEDOUT
2024-10-06 05:22:50 am | error | db_manager : GetDeviceState : Error: connect ETIMEDOUT
2024-10-06 05:22:51 am | error | db_manager : Error: connect ETIMEDOUT
2024-10-06 05:22:51 am | error | db_manager : GetDeviceState : Error: connect ETIMEDOUT
2024-10-06 05:22:52 am | error | db_manager : Error: connect ETIMEDOUT
2024-10-06 05:22:52 am | error | db_manager : SaveDummyData : undefined 
  Error: connect ETIMEDOUT
2024-10-06 05:22:53 am | error | db_manager : Error: connect ETIMEDOUT
2024-10-06 05:22:53 am | error | db_manager : GetDeviceState : Error: connect ETIMEDOUT
2024-10-06 05:22:54 am | error | db_manager : Error: connect ETIMEDOUT
2024-10-06 05:22:54 am | error | db_manager : GetDeviceState : Error: connect ETIMEDOUT
2024-10-06 05:22:55 am | error | db_manager : Error: connect ETIMEDOUT
2024-10-06 05:22:55 am | error | db_manager : GetDeviceState : Error: connect ETIMEDOUT
2024-10-06 05:22:57 am | error | db_manager : Error: connect ETIMEDOUT
2024-10-06 05:22:57 am | error | db_manager : GetDeviceState : Error: connect ETIMEDOUT
2024-10-06 05:22:58 am | error | db_manager : Error: connect ETIMEDOUT
2024-10-06 05:22:58 am | error | db_manager : GetDeviceState : Error: connect ETIMEDOUT
2024-10-06 05:22:59 am | error | db_manager : Error: connect ETIMEDOUT
2024-10-06 05:22:59 am | error | db_manager : GetDeviceState : Error: connect ETIMEDOUT
2024-10-06 05:23:00 am | error | db_manager : Error: connect ETIMEDOUT
2024-10-06 05:23:00 am | error | db_manager : GetDeviceState : Error: connect ETIMEDOUT
2024-10-06 05:23:00 am | error | db_manager : Error: connect ETIMEDOUT
2024-10-06 05:23:00 am | error | db_manager : GetDeviceState : Error: connect ETIMEDOUT
2024-10-06 05:23:01 am | error | db_manager : Error: connect ETIMEDOUT
2024-10-06 05:23:01 am | error | db_manager : GetDeviceState : Error: connect ETIMEDOUT
2024-10-06 05:23:02 am | error | db_manager : Error: connect ETIMEDOUT
2024-10-06 05:23:02 am | error | db_manager : GetDeviceState : Error: connect ETIMEDOUT
2024-10-06 05:23:03 am | error | db_manager : Error: connect ETIMEDOUT
2024-10-06 05:23:03 am | error | db_manager : GetDeviceState : Error: connect ETIMEDOUT
2024-10-06 05:23:04 am | error | db_manager : Error: connect ETIMEDOUT
2024-10-06 05:23:04 am | error | db_manager : SaveDummyData : undefined 
  Error: connect ETIMEDOUT
2024-10-06 05:23:05 am | error | db_manager : Error: connect ETIMEDOUT
2024-10-06 05:23:05 am | error | db_manager : GetDeviceState : Error: connect ETIMEDOUT
2024-10-06 05:23:07 am | error | db_manager : Error: connect ETIMEDOUT
2024-10-06 05:23:07 am | error | db_manager : GetDeviceState : Error: connect ETIMEDOUT
2024-10-06 05:23:08 am | error | db_manager : Error: connect ETIMEDOUT
2024-10-06 05:23:08 am | error | db_manager : GetDeviceState : Error: connect ETIMEDOUT
2024-10-06 05:23:09 am | error | db_manager : Error: connect ETIMEDOUT
2024-10-06 05:23:09 am | error | db_manager : GetDeviceState : Error: connect ETIMEDOUT
2024-10-06 05:23:10 am | error | db_manager : Error: connect ETIMEDOUT
2024-10-06 05:23:10 am | error | db_manager : GetDeviceState : Error: connect ETIMEDOUT
2024-10-06 05:23:10 am | error | db_manager : Error: connect ETIMEDOUT
2024-10-06 05:23:10 am | error | db_manager : GetDeviceState : Error: connect ETIMEDOUT
2024-10-06 05:23:11 am | error | db_manager : Error: connect ETIMEDOUT
2024-10-06 05:23:11 am | error | db_manager : GetDeviceState : Error: connect ETIMEDOUT
2024-10-06 05:23:12 am | error | db_manager : Error: connect ETIMEDOUT
2024-10-06 05:23:12 am | error | db_manager : GetDeviceState : Error: connect ETIMEDOUT
2024-10-06 05:23:13 am | error | db_manager : Error: connect ETIMEDOUT
2024-10-06 05:23:13 am | error | db_manager : GetDeviceState : Error: connect ETIMEDOUT
2024-10-06 05:23:14 am | error | db_manager : Error: connect ETIMEDOUT
2024-10-06 05:23:14 am | error | db_manager : GetDeviceState : Error: connect ETIMEDOUT
2024-10-06 05:23:15 am | error | db_manager : Error: connect ETIMEDOUT
2024-10-06 05:23:15 am | error | db_manager : GetDeviceState : Error: connect ETIMEDOUT
2024-10-06 05:23:17 am | error | db_manager : Error: connect ETIMEDOUT
2024-10-06 05:23:17 am | error | db_manager : GetDeviceState : Error: connect ETIMEDOUT
2024-10-06 05:23:18 am | error | db_manager : Error: connect ETIMEDOUT
2024-10-06 05:23:18 am | error | db_manager : SaveDummyData : undefined 
  Error: connect ETIMEDOUT
2024-10-06 05:23:19 am | error | db_manager : Error: connect ETIMEDOUT
2024-10-06 05:23:19 am | error | db_manager : GetDeviceState : Error: connect ETIMEDOUT
2024-10-06 05:23:20 am | error | db_manager : Error: connect ETIMEDOUT
2024-10-06 05:23:20 am | error | db_manager : GetDeviceState : Error: connect ETIMEDOUT
2024-10-06 05:23:20 am | error | db_manager : Error: connect ETIMEDOUT
2024-10-06 05:23:20 am | error | db_manager : GetDeviceState : Error: connect ETIMEDOUT
2024-10-06 05:23:21 am | error | db_manager : Error: connect ETIMEDOUT
2024-10-06 05:23:21 am | error | db_manager : GetDeviceState : Error: connect ETIMEDOUT
2024-10-06 05:23:22 am | error | db_manager : Error: connect ETIMEDOUT
2024-10-06 05:23:22 am | error | db_manager : GetDeviceState : Error: connect ETIMEDOUT
2024-10-06 05:23:23 am | error | db_manager : Error: connect ETIMEDOUT
2024-10-06 05:23:23 am | error | db_manager : GetDeviceState : Error: connect ETIMEDOUT
2024-10-06 05:23:24 am | error | db_manager : Error: connect ETIMEDOUT
2024-10-06 05:23:24 am | error | db_manager : GetDeviceState : Error: connect ETIMEDOUT
2024-10-06 05:23:25 am | error | db_manager : Error: connect ETIMEDOUT
2024-10-06 05:23:25 am | error | db_manager : GetDeviceState : Error: connect ETIMEDOUT
2024-10-06 05:23:27 am | error | db_manager : Error: connect ETIMEDOUT
2024-10-06 05:23:27 am | error | db_manager : GetDeviceState : Error: connect ETIMEDOUT
2024-10-06 05:23:28 am | error | db_manager : Error: connect ETIMEDOUT
2024-10-06 05:23:28 am | error | db_manager : GetDeviceState : Error: connect ETIMEDOUT
2024-10-06 05:23:29 am | error | db_manager : Error: connect ETIMEDOUT
2024-10-06 05:23:29 am | error | db_manager : GetDeviceState : Error: connect ETIMEDOUT
2024-10-06 05:23:30 am | error | db_manager : Error: connect ETIMEDOUT
2024-10-06 05:23:30 am | error | db_manager : GetDeviceState : Error: connect ETIMEDOUT
2024-10-06 05:23:30 am | error | db_manager : Error: connect ETIMEDOUT
2024-10-06 05:23:30 am | error | db_manager : GetDeviceState : Error: connect ETIMEDOUT
2024-10-06 05:23:31 am | error | db_manager : Error: connect ETIMEDOUT
2024-10-06 05:23:31 am | error | db_manager : GetDeviceState : Error: connect ETIMEDOUT
2024-10-06 05:23:32 am | error | db_manager : Error: connect ETIMEDOUT
2024-10-06 05:23:32 am | error | db_manager : SaveDummyData : undefined 
  Error: connect ETIMEDOUT
2024-10-06 05:23:33 am | error | db_manager : Error: connect ETIMEDOUT
2024-10-06 05:23:33 am | error | db_manager : GetDeviceState : Error: connect ETIMEDOUT
2024-10-06 05:23:34 am | error | db_manager : Error: connect ETIMEDOUT
2024-10-06 05:23:34 am | error | db_manager : GetDeviceState : Error: connect ETIMEDOUT
2024-10-06 05:23:35 am | error | db_manager : Error: connect ETIMEDOUT
2024-10-06 05:23:35 am | error | db_manager : GetDeviceState : Error: connect ETIMEDOUT
2024-10-06 05:23:37 am | error | db_manager : Error: connect ETIMEDOUT
2024-10-06 05:23:37 am | error | db_manager : GetDeviceState : Error: connect ETIMEDOUT
2024-10-06 05:23:38 am | error | db_manager : Error: connect ETIMEDOUT
2024-10-06 05:23:38 am | error | db_manager : GetDeviceState : Error: connect ETIMEDOUT
2024-10-06 05:23:39 am | error | db_manager : Error: connect ETIMEDOUT
2024-10-06 05:23:39 am | error | db_manager : GetDeviceState : Error: connect ETIMEDOUT
2024-10-06 05:23:40 am | error | db_manager : Error: connect ETIMEDOUT
2024-10-06 05:23:40 am | error | db_manager : GetDeviceState : Error: connect ETIMEDOUT
2024-10-06 05:23:40 am | error | db_manager : Error: connect ETIMEDOUT
2024-10-06 05:23:40 am | error | db_manager : GetDeviceState : Error: connect ETIMEDOUT
2024-10-06 05:23:41 am | error | db_manager : Error: connect ETIMEDOUT
2024-10-06 05:23:41 am | error | db_manager : GetDeviceState : Error: connect ETIMEDOUT
2024-10-06 05:23:42 am | error | db_manager : Error: connect ETIMEDOUT
2024-10-06 05:23:42 am | error | db_manager : GetDeviceState : Error: connect ETIMEDOUT
2024-10-06 05:23:43 am | error | db_manager : Error: connect ETIMEDOUT
2024-10-06 05:23:43 am | error | db_manager : GetDeviceState : Error: connect ETIMEDOUT
2024-10-06 05:23:44 am | error | db_manager : Error: connect ETIMEDOUT
2024-10-06 05:23:44 am | error | db_manager : GetDeviceState : Error: connect ETIMEDOUT
2024-10-06 05:23:45 am | error | db_manager : Error: connect ETIMEDOUT
2024-10-06 05:23:45 am | error | db_manager : GetDeviceState : Error: connect ETIMEDOUT
2024-10-06 05:23:47 am | error | db_manager : Error: connect ETIMEDOUT
2024-10-06 05:23:47 am | error | db_manager : GetDeviceState : Error: connect ETIMEDOUT
2024-10-06 05:23:48 am | error | db_manager : Error: connect ETIMEDOUT
2024-10-06 05:23:48 am | error | db_manager : SaveDummyData : undefined 
  Error: connect ETIMEDOUT
2024-10-06 05:23:49 am | error | db_manager : Error: connect ETIMEDOUT
2024-10-06 05:23:49 am | error | db_manager : GetDeviceState : Error: connect ETIMEDOUT
2024-10-06 05:23:50 am | error | db_manager : Error: connect ETIMEDOUT
2024-10-06 05:23:50 am | error | db_manager : GetDeviceState : Error: connect ETIMEDOUT
2024-10-06 05:23:50 am | error | db_manager : Error: connect ETIMEDOUT
2024-10-06 05:23:50 am | error | db_manager : GetDeviceState : Error: connect ETIMEDOUT
2024-10-06 05:23:51 am | error | db_manager : Error: connect ETIMEDOUT
2024-10-06 05:23:51 am | error | db_manager : GetDeviceState : Error: connect ETIMEDOUT
2024-10-06 05:23:52 am | error | db_manager : Error: connect ETIMEDOUT
2024-10-06 05:23:52 am | error | db_manager : GetDeviceState : Error: connect ETIMEDOUT
2024-10-06 05:23:53 am | error | db_manager : Error: connect ETIMEDOUT
2024-10-06 05:23:53 am | error | db_manager : GetDeviceState : Error: connect ETIMEDOUT
2024-10-06 05:23:54 am | error | db_manager : Error: connect ETIMEDOUT
2024-10-06 05:23:54 am | error | db_manager : GetDeviceState : Error: connect ETIMEDOUT
2024-10-06 05:23:55 am | error | db_manager : Error: connect ETIMEDOUT
2024-10-06 05:23:55 am | error | db_manager : GetDeviceState : Error: connect ETIMEDOUT
2024-10-06 05:23:57 am | error | db_manager : Error: connect ETIMEDOUT
2024-10-06 05:23:57 am | error | db_manager : GetDeviceState : Error: connect ETIMEDOUT
2024-10-06 05:23:58 am | error | db_manager : Error: connect ETIMEDOUT
2024-10-06 05:23:58 am | error | db_manager : GetDeviceState : Error: connect ETIMEDOUT
2024-10-06 05:23:59 am | error | db_manager : Error: connect ETIMEDOUT
2024-10-06 05:23:59 am | error | db_manager : GetDeviceState : Error: connect ETIMEDOUT
2024-10-06 05:24:00 am | error | db_manager : Error: connect ETIMEDOUT
2024-10-06 05:24:00 am | error | db_manager : GetDeviceState : Error: connect ETIMEDOUT
2024-10-06 05:24:00 am | error | db_manager : Error: connect ETIMEDOUT
2024-10-06 05:24:00 am | error | db_manager : GetDeviceState : Error: connect ETIMEDOUT
2024-10-06 05:24:01 am | error | db_manager : Error: connect ETIMEDOUT
2024-10-06 05:24:01 am | error | db_manager : GetDeviceState : Error: connect ETIMEDOUT
2024-10-06 05:24:02 am | error | db_manager : Error: connect ETIMEDOUT
2024-10-06 05:24:02 am | error | db_manager : GetDeviceState : Error: connect ETIMEDOUT
2024-10-06 05:24:03 am | error | db_manager : Error: connect ETIMEDOUT
2024-10-06 05:24:03 am | error | db_manager : GetDeviceState : Error: connect ETIMEDOUT
2024-10-06 05:24:04 am | error | db_manager : Error: connect ETIMEDOUT
2024-10-06 05:24:04 am | error | db_manager : SaveDummyData : undefined 
  Error: connect ETIMEDOUT
2024-10-06 05:24:05 am | error | db_manager : Error: connect ETIMEDOUT
2024-10-06 05:24:05 am | error | db_manager : GetDeviceState : Error: connect ETIMEDOUT
2024-10-06 05:24:07 am | error | db_manager : Error: connect ETIMEDOUT
2024-10-06 05:24:07 am | error | db_manager : GetDeviceState : Error: connect ETIMEDOUT
2024-10-06 05:24:08 am | error | db_manager : Error: connect ETIMEDOUT
2024-10-06 05:24:08 am | error | db_manager : GetDeviceState : Error: connect ETIMEDOUT
2024-10-06 05:24:09 am | error | db_manager : Error: connect ETIMEDOUT
2024-10-06 05:24:09 am | error | db_manager : GetDeviceState : Error: connect ETIMEDOUT
2024-10-06 05:24:10 am | error | db_manager : Error: connect ETIMEDOUT
2024-10-06 05:24:10 am | error | db_manager : GetDeviceState : Error: connect ETIMEDOUT
2024-10-06 05:24:10 am | error | db_manager : Error: connect ETIMEDOUT
2024-10-06 05:24:10 am | error | db_manager : GetDeviceState : Error: connect ETIMEDOUT
2024-10-06 05:24:11 am | error | db_manager : Error: connect ETIMEDOUT
2024-10-06 05:24:11 am | error | db_manager : GetDeviceState : Error: connect ETIMEDOUT
2024-10-06 05:24:12 am | error | db_manager : Error: connect ETIMEDOUT
2024-10-06 05:24:12 am | error | db_manager : GetDeviceState : Error: connect ETIMEDOUT
2024-10-06 05:24:13 am | error | db_manager : Error: connect ETIMEDOUT
2024-10-06 05:24:13 am | error | db_manager : GetDeviceState : Error: connect ETIMEDOUT
2024-10-06 05:24:14 am | error | db_manager : Error: connect ETIMEDOUT
2024-10-06 05:24:14 am | error | db_manager : GetDeviceState : Error: connect ETIMEDOUT
2024-10-06 05:24:15 am | error | db_manager : Error: connect ETIMEDOUT
2024-10-06 05:24:15 am | error | db_manager : GetDeviceState : Error: connect ETIMEDOUT
2024-10-06 05:24:17 am | error | db_manager : Error: connect ETIMEDOUT
2024-10-06 05:24:17 am | error | db_manager : GetDeviceState : Error: connect ETIMEDOUT
2024-10-06 05:24:18 am | error | db_manager : Error: connect ETIMEDOUT
2024-10-06 05:24:18 am | error | db_manager : GetDeviceState : Error: connect ETIMEDOUT
2024-10-06 05:24:19 am | error | db_manager : Error: connect ETIMEDOUT
2024-10-06 05:24:19 am | error | db_manager : GetDeviceState : Error: connect ETIMEDOUT
2024-10-06 05:24:20 am | error | db_manager : Error: connect ETIMEDOUT
2024-10-06 05:24:20 am | error | db_manager : GetDeviceState : Error: connect ETIMEDOUT
2024-10-06 05:24:20 am | error | db_manager : Error: connect ETIMEDOUT
2024-10-06 05:24:20 am | error | db_manager : GetDeviceState : Error: connect ETIMEDOUT
2024-10-06 05:24:21 am | error | db_manager : Error: connect ETIMEDOUT
2024-10-06 05:24:21 am | error | db_manager : SaveDummyData : undefined 
  Error: connect ETIMEDOUT
2024-10-06 05:24:22 am | error | db_manager : Error: connect ETIMEDOUT
2024-10-06 05:24:22 am | error | db_manager : GetDeviceState : Error: connect ETIMEDOUT
2024-10-06 05:24:23 am | error | db_manager : Error: connect ETIMEDOUT
2024-10-06 05:24:23 am | error | db_manager : GetDeviceState : Error: connect ETIMEDOUT
2024-10-06 05:24:24 am | error | db_manager : Error: connect ETIMEDOUT
2024-10-06 05:24:24 am | error | db_manager : GetDeviceState : Error: connect ETIMEDOUT
2024-10-06 05:24:25 am | error | db_manager : Error: connect ETIMEDOUT
2024-10-06 05:24:25 am | error | db_manager : GetDeviceState : Error: connect ETIMEDOUT
2024-10-06 05:24:27 am | error | db_manager : Error: connect ETIMEDOUT
2024-10-06 05:24:27 am | error | db_manager : GetDeviceState : Error: connect ETIMEDOUT
2024-10-06 05:24:28 am | error | db_manager : Error: connect ETIMEDOUT
2024-10-06 05:24:28 am | error | db_manager : GetDeviceState : Error: connect ETIMEDOUT
2024-10-06 05:24:29 am | error | db_manager : Error: connect ETIMEDOUT
2024-10-06 05:24:29 am | error | db_manager : GetDeviceState : Error: connect ETIMEDOUT
2024-10-06 05:24:30 am | error | db_manager : Error: connect ETIMEDOUT
2024-10-06 05:24:30 am | error | db_manager : GetDeviceState : Error: connect ETIMEDOUT
2024-10-06 05:24:30 am | error | db_manager : Error: connect ETIMEDOUT
2024-10-06 05:24:30 am | error | db_manager : GetDeviceState : Error: connect ETIMEDOUT
2024-10-06 05:24:31 am | error | db_manager : Error: connect ETIMEDOUT
2024-10-06 05:24:31 am | error | db_manager : GetDeviceState : Error: connect ETIMEDOUT
2024-10-06 05:24:32 am | error | db_manager : Error: connect ETIMEDOUT
2024-10-06 05:24:32 am | error | db_manager : GetDeviceState : Error: connect ETIMEDOUT
2024-10-06 05:24:33 am | error | db_manager : Error: connect ETIMEDOUT
2024-10-06 05:24:33 am | error | db_manager : GetDeviceState : Error: connect ETIMEDOUT
2024-10-06 05:24:34 am | error | db_manager : Error: connect ETIMEDOUT
2024-10-06 05:24:34 am | error | db_manager : GetDeviceState : Error: connect ETIMEDOUT
2024-10-06 05:24:35 am | error | db_manager : Error: connect ETIMEDOUT
2024-10-06 05:24:35 am | error | db_manager : GetDeviceState : Error: connect ETIMEDOUT
2024-10-06 05:24:37 am | error | db_manager : Error: connect ETIMEDOUT
2024-10-06 05:24:37 am | error | db_manager : GetDeviceState : Error: connect ETIMEDOUT
2024-10-06 05:24:38 am | error | db_manager : Error: connect ETIMEDOUT
2024-10-06 05:24:38 am | error | db_manager : GetDeviceState : Error: connect ETIMEDOUT
2024-10-06 05:24:39 am | error | db_manager : Error: connect ETIMEDOUT
2024-10-06 05:24:39 am | error | db_manager : SaveDummyData : undefined 
  Error: connect ETIMEDOUT
2024-10-06 05:24:40 am | error | db_manager : Error: connect ETIMEDOUT
2024-10-06 05:24:40 am | error | db_manager : GetDeviceState : Error: connect ETIMEDOUT
2024-10-06 05:24:40 am | error | db_manager : Error: connect ETIMEDOUT
2024-10-06 05:24:40 am | error | db_manager : GetDeviceState : Error: connect ETIMEDOUT
2024-10-06 05:24:41 am | error | db_manager : Error: connect ETIMEDOUT
2024-10-06 05:24:41 am | error | db_manager : GetDeviceState : Error: connect ETIMEDOUT
2024-10-06 05:24:42 am | error | db_manager : Error: connect ETIMEDOUT
2024-10-06 05:24:42 am | error | db_manager : GetDeviceState : Error: connect ETIMEDOUT
2024-10-06 05:24:43 am | error | db_manager : Error: connect ETIMEDOUT
2024-10-06 05:24:43 am | error | db_manager : GetDeviceState : Error: connect ETIMEDOUT
2024-10-06 05:24:44 am | error | db_manager : Error: connect ETIMEDOUT
2024-10-06 05:24:44 am | error | db_manager : GetDeviceState : Error: connect ETIMEDOUT
2024-10-06 05:24:45 am | error | db_manager : Error: connect ETIMEDOUT
2024-10-06 05:24:45 am | error | db_manager : GetDeviceState : Error: connect ETIMEDOUT
2024-10-06 05:24:47 am | error | db_manager : Error: connect ETIMEDOUT
2024-10-06 05:24:47 am | error | db_manager : GetDeviceState : Error: connect ETIMEDOUT
2024-10-06 05:24:48 am | error | db_manager : Error: connect ETIMEDOUT
2024-10-06 05:24:48 am | error | db_manager : GetDeviceState : Error: connect ETIMEDOUT
2024-10-06 05:24:49 am | error | db_manager : Error: connect ETIMEDOUT
2024-10-06 05:24:49 am | error | db_manager : GetDeviceState : Error: connect ETIMEDOUT
2024-10-06 05:24:50 am | error | db_manager : Error: connect ETIMEDOUT
2024-10-06 05:24:50 am | error | db_manager : GetDeviceState : Error: connect ETIMEDOUT
2024-10-06 05:24:50 am | error | db_manager : Error: connect ETIMEDOUT
2024-10-06 05:24:50 am | error | db_manager : GetDeviceState : Error: connect ETIMEDOUT
2024-10-06 05:24:51 am | error | db_manager : Error: connect ETIMEDOUT
2024-10-06 05:24:51 am | error | db_manager : GetDeviceState : Error: connect ETIMEDOUT
2024-10-06 05:24:52 am | error | db_manager : Error: connect ETIMEDOUT
2024-10-06 05:24:52 am | error | db_manager : GetDeviceState : Error: connect ETIMEDOUT
2024-10-06 05:24:53 am | error | db_manager : Error: connect ETIMEDOUT
2024-10-06 05:24:53 am | error | db_manager : GetDeviceState : Error: connect ETIMEDOUT
2024-10-06 05:24:54 am | error | db_manager : Error: connect ETIMEDOUT
2024-10-06 05:24:54 am | error | db_manager : GetDeviceState : Error: connect ETIMEDOUT
2024-10-06 05:24:55 am | error | db_manager : Error: connect ETIMEDOUT
2024-10-06 05:24:55 am | error | db_manager : GetDeviceState : Error: connect ETIMEDOUT
2024-10-06 05:24:57 am | error | db_manager : Error: connect ETIMEDOUT
2024-10-06 05:24:57 am | error | db_manager : GetDeviceState : Error: connect ETIMEDOUT
2024-10-06 05:24:58 am | error | db_manager : Error: connect ETIMEDOUT
2024-10-06 05:24:58 am | error | db_manager : SaveDummyData : undefined 
  Error: connect ETIMEDOUT
2024-10-06 05:24:59 am | error | db_manager : Error: connect ETIMEDOUT
2024-10-06 05:24:59 am | error | db_manager : GetDeviceState : Error: connect ETIMEDOUT
2024-10-06 05:25:00 am | error | db_manager : Error: connect ETIMEDOUT
2024-10-06 05:25:00 am | error | db_manager : GetDeviceState : Error: connect ETIMEDOUT
2024-10-06 05:25:00 am | error | db_manager : Error: connect ETIMEDOUT
2024-10-06 05:25:00 am | error | db_manager : GetDeviceState : Error: connect ETIMEDOUT
2024-10-06 05:25:01 am | error | db_manager : Error: connect ETIMEDOUT
2024-10-06 05:25:01 am | error | db_manager : GetDeviceState : Error: connect ETIMEDOUT
2024-10-06 05:25:02 am | error | db_manager : Error: connect ETIMEDOUT
2024-10-06 05:25:02 am | error | db_manager : GetDeviceState : Error: connect ETIMEDOUT
2024-10-06 05:25:03 am | error | db_manager : Error: connect ETIMEDOUT
2024-10-06 05:25:03 am | error | db_manager : GetDeviceState : Error: connect ETIMEDOUT
2024-10-06 05:25:04 am | error | db_manager : Error: connect ETIMEDOUT
2024-10-06 05:25:04 am | error | db_manager : GetDeviceState : Error: connect ETIMEDOUT
2024-10-06 05:25:05 am | error | db_manager : Error: connect ETIMEDOUT
2024-10-06 05:25:05 am | error | db_manager : GetDeviceState : Error: connect ETIMEDOUT
2024-10-06 05:25:07 am | error | db_manager : Error: connect ETIMEDOUT
2024-10-06 05:25:07 am | error | db_manager : GetDeviceState : Error: connect ETIMEDOUT
2024-10-06 05:25:08 am | error | db_manager : Error: connect ETIMEDOUT
2024-10-06 05:25:08 am | error | db_manager : GetDeviceState : Error: connect ETIMEDOUT
2024-10-06 05:25:09 am | error | db_manager : Error: connect ETIMEDOUT
2024-10-06 05:25:09 am | error | db_manager : GetDeviceState : Error: connect ETIMEDOUT
2024-10-06 05:25:10 am | error | db_manager : Error: connect ETIMEDOUT
2024-10-06 05:25:10 am | error | db_manager : GetDeviceState : Error: connect ETIMEDOUT
2024-10-06 05:25:10 am | error | db_manager : Error: connect ETIMEDOUT
2024-10-06 05:25:10 am | error | db_manager : GetDeviceState : Error: connect ETIMEDOUT
2024-10-06 05:25:11 am | error | db_manager : Error: connect ETIMEDOUT
2024-10-06 05:25:11 am | error | db_manager : GetDeviceState : Error: connect ETIMEDOUT
2024-10-06 05:25:12 am | error | db_manager : Error: connect ETIMEDOUT
2024-10-06 05:25:12 am | error | db_manager : GetDeviceState : Error: connect ETIMEDOUT
2024-10-06 05:25:13 am | error | db_manager : Error: connect ETIMEDOUT
2024-10-06 05:25:13 am | error | db_manager : GetDeviceState : Error: connect ETIMEDOUT
2024-10-06 05:25:14 am | error | db_manager : Error: connect ETIMEDOUT
2024-10-06 05:25:14 am | error | db_manager : GetDeviceState : Error: connect ETIMEDOUT
2024-10-06 05:25:15 am | error | db_manager : Error: connect ETIMEDOUT
2024-10-06 05:25:15 am | error | db_manager : GetDeviceState : Error: connect ETIMEDOUT
2024-10-06 05:25:17 am | error | db_manager : Error: connect ETIMEDOUT
2024-10-06 05:25:17 am | error | db_manager : GetDeviceState : Error: connect ETIMEDOUT
2024-10-06 05:25:18 am | error | db_manager : Error: connect ETIMEDOUT
2024-10-06 05:25:18 am | error | db_manager : SaveDummyData : undefined 
  Error: connect ETIMEDOUT
2024-10-06 05:25:19 am | error | db_manager : Error: connect ETIMEDOUT
2024-10-06 05:25:19 am | error | db_manager : GetDeviceState : Error: connect ETIMEDOUT
2024-10-06 05:25:20 am | error | db_manager : Error: connect ETIMEDOUT
2024-10-06 05:25:20 am | error | db_manager : GetDeviceState : Error: connect ETIMEDOUT
2024-10-06 05:25:20 am | error | db_manager : Error: connect ETIMEDOUT
2024-10-06 05:25:20 am | error | db_manager : GetDeviceState : Error: connect ETIMEDOUT
2024-10-06 05:25:21 am | error | db_manager : Error: connect ETIMEDOUT
2024-10-06 05:25:21 am | error | db_manager : GetDeviceState : Error: connect ETIMEDOUT
2024-10-06 05:25:22 am | error | db_manager : Error: connect ETIMEDOUT
2024-10-06 05:25:22 am | error | db_manager : GetDeviceState : Error: connect ETIMEDOUT
2024-10-06 05:25:23 am | error | db_manager : Error: connect ETIMEDOUT
2024-10-06 05:25:23 am | error | db_manager : GetDeviceState : Error: connect ETIMEDOUT
2024-10-06 05:25:24 am | error | db_manager : Error: connect ETIMEDOUT
2024-10-06 05:25:24 am | error | db_manager : GetDeviceState : Error: connect ETIMEDOUT
2024-10-06 05:25:25 am | error | db_manager : Error: connect ETIMEDOUT
2024-10-06 05:25:25 am | error | db_manager : GetDeviceState : Error: connect ETIMEDOUT
2024-10-06 05:25:27 am | error | db_manager : Error: connect ETIMEDOUT
2024-10-06 05:25:27 am | error | db_manager : GetDeviceState : Error: connect ETIMEDOUT
2024-10-06 05:25:28 am | error | db_manager : Error: connect ETIMEDOUT
2024-10-06 05:25:28 am | error | db_manager : GetDeviceState : Error: connect ETIMEDOUT
2024-10-06 05:25:29 am | error | db_manager : Error: connect ETIMEDOUT
2024-10-06 05:25:29 am | error | db_manager : GetDeviceState : Error: connect ETIMEDOUT
2024-10-06 05:25:30 am | error | db_manager : Error: connect ETIMEDOUT
2024-10-06 05:25:30 am | error | db_manager : GetDeviceState : Error: connect ETIMEDOUT
2024-10-06 05:25:31 am | error | db_manager : Error: connect ETIMEDOUT
2024-10-06 05:25:31 am | error | db_manager : GetDeviceState : Error: connect ETIMEDOUT
2024-10-06 05:25:31 am | error | db_manager : Error: connect ETIMEDOUT
2024-10-06 05:25:31 am | error | db_manager : GetDeviceState : Error: connect ETIMEDOUT
2024-10-06 05:25:32 am | error | db_manager : Error: connect ETIMEDOUT
2024-10-06 05:25:32 am | error | db_manager : GetDeviceState : Error: connect ETIMEDOUT
2024-10-06 05:25:33 am | error | db_manager : Error: connect ETIMEDOUT
2024-10-06 05:25:33 am | error | db_manager : GetDeviceState : Error: connect ETIMEDOUT
2024-10-06 05:25:34 am | error | db_manager : Error: connect ETIMEDOUT
2024-10-06 05:25:34 am | error | db_manager : GetDeviceState : Error: connect ETIMEDOUT
2024-10-06 05:25:35 am | error | db_manager : Error: connect ETIMEDOUT
2024-10-06 05:25:35 am | error | db_manager : GetDeviceState : Error: connect ETIMEDOUT
2024-10-06 05:25:37 am | error | db_manager : Error: connect ETIMEDOUT
2024-10-06 05:25:37 am | error | db_manager : GetDeviceState : Error: connect ETIMEDOUT
2024-10-06 05:25:38 am | error | db_manager : Error: connect ETIMEDOUT
2024-10-06 05:25:38 am | error | db_manager : GetDeviceState : Error: connect ETIMEDOUT
2024-10-06 05:25:39 am | error | db_manager : Error: connect ETIMEDOUT
2024-10-06 05:25:39 am | error | db_manager : SaveDummyData : undefined 
  Error: connect ETIMEDOUT
2024-10-06 05:25:40 am | error | db_manager : Error: connect ETIMEDOUT
2024-10-06 05:25:40 am | error | db_manager : GetDeviceState : Error: connect ETIMEDOUT
2024-10-06 05:25:41 am | error | db_manager : Error: connect ETIMEDOUT
2024-10-06 05:25:41 am | error | db_manager : GetDeviceState : Error: connect ETIMEDOUT
2024-10-06 05:25:41 am | error | db_manager : Error: connect ETIMEDOUT
2024-10-06 05:25:41 am | error | db_manager : GetDeviceState : Error: connect ETIMEDOUT
2024-10-06 05:25:42 am | error | db_manager : Error: connect ETIMEDOUT
2024-10-06 05:25:42 am | error | db_manager : GetDeviceState : Error: connect ETIMEDOUT
2024-10-06 05:25:43 am | error | db_manager : Error: connect ETIMEDOUT
2024-10-06 05:25:43 am | error | db_manager : GetDeviceState : Error: connect ETIMEDOUT
2024-10-06 05:25:44 am | error | db_manager : Error: connect ETIMEDOUT
2024-10-06 05:25:44 am | error | db_manager : GetDeviceState : Error: connect ETIMEDOUT
2024-10-06 05:25:45 am | error | db_manager : Error: connect ETIMEDOUT
2024-10-06 05:25:45 am | error | db_manager : GetDeviceState : Error: connect ETIMEDOUT
2024-10-06 05:25:47 am | error | db_manager : Error: connect ETIMEDOUT
2024-10-06 05:25:47 am | error | db_manager : GetDeviceState : Error: connect ETIMEDOUT
2024-10-06 05:25:48 am | error | db_manager : Error: connect ETIMEDOUT
2024-10-06 05:25:48 am | error | db_manager : GetDeviceState : Error: connect ETIMEDOUT
2024-10-06 05:25:49 am | error | db_manager : Error: connect ETIMEDOUT
2024-10-06 05:25:49 am | error | db_manager : GetDeviceState : Error: connect ETIMEDOUT
2024-10-06 05:25:50 am | error | db_manager : Error: connect ETIMEDOUT
2024-10-06 05:25:50 am | error | db_manager : GetDeviceState : Error: connect ETIMEDOUT
2024-10-06 05:25:51 am | error | db_manager : Error: connect ETIMEDOUT
2024-10-06 05:25:51 am | error | db_manager : GetDeviceState : Error: connect ETIMEDOUT
2024-10-06 05:25:51 am | error | db_manager : Error: connect ETIMEDOUT
2024-10-06 05:25:51 am | error | db_manager : GetDeviceState : Error: connect ETIMEDOUT
2024-10-06 05:25:52 am | error | db_manager : Error: connect ETIMEDOUT
2024-10-06 05:25:52 am | error | db_manager : GetDeviceState : Error: connect ETIMEDOUT
2024-10-06 05:25:53 am | error | db_manager : Error: connect ETIMEDOUT
2024-10-06 05:25:53 am | error | db_manager : GetDeviceState : Error: connect ETIMEDOUT
2024-10-06 05:25:54 am | error | db_manager : Error: connect ETIMEDOUT
2024-10-06 05:25:54 am | error | db_manager : GetDeviceState : Error: connect ETIMEDOUT
2024-10-06 05:25:55 am | error | db_manager : Error: connect ETIMEDOUT
2024-10-06 05:25:55 am | error | db_manager : GetDeviceState : Error: connect ETIMEDOUT
2024-10-06 05:25:57 am | error | db_manager : Error: connect ETIMEDOUT
2024-10-06 05:25:57 am | error | db_manager : GetDeviceState : Error: connect ETIMEDOUT
2024-10-06 05:25:58 am | error | db_manager : Error: connect ETIMEDOUT
2024-10-06 05:25:58 am | error | db_manager : GetDeviceState : Error: connect ETIMEDOUT
2024-10-06 05:25:59 am | error | db_manager : Error: connect ETIMEDOUT
2024-10-06 05:25:59 am | error | db_manager : GetDeviceState : Error: connect ETIMEDOUT
2024-10-06 05:26:00 am | error | db_manager : Error: connect ETIMEDOUT
2024-10-06 05:26:00 am | error | db_manager : GetDeviceState : Error: connect ETIMEDOUT
2024-10-06 05:26:01 am | error | db_manager : Error: connect ETIMEDOUT
2024-10-06 05:26:01 am | error | db_manager : SaveDummyData : undefined 
  Error: connect ETIMEDOUT
2024-10-06 05:26:01 am | error | db_manager : Error: connect ETIMEDOUT
2024-10-06 05:26:01 am | error | db_manager : GetDeviceState : Error: connect ETIMEDOUT
2024-10-06 05:26:02 am | error | db_manager : Error: connect ETIMEDOUT
2024-10-06 05:26:02 am | error | db_manager : GetDeviceState : Error: connect ETIMEDOUT
2024-10-06 05:26:03 am | error | db_manager : Error: connect ETIMEDOUT
2024-10-06 05:26:03 am | error | db_manager : GetDeviceState : Error: connect ETIMEDOUT
2024-10-06 05:26:04 am | error | db_manager : Error: connect ETIMEDOUT
2024-10-06 05:26:04 am | error | db_manager : GetDeviceState : Error: connect ETIMEDOUT
2024-10-06 05:26:05 am | error | db_manager : Error: connect ETIMEDOUT
2024-10-06 05:26:05 am | error | db_manager : GetDeviceState : Error: connect ETIMEDOUT
2024-10-06 05:26:07 am | error | db_manager : Error: connect ETIMEDOUT
2024-10-06 05:26:07 am | error | db_manager : GetDeviceState : Error: connect ETIMEDOUT
2024-10-06 05:26:08 am | error | db_manager : Error: connect ETIMEDOUT
2024-10-06 05:26:08 am | error | db_manager : GetDeviceState : Error: connect ETIMEDOUT
2024-10-06 05:26:09 am | error | db_manager : Error: connect ETIMEDOUT
2024-10-06 05:26:09 am | error | db_manager : GetDeviceState : Error: connect ETIMEDOUT
2024-10-06 05:26:10 am | error | db_manager : Error: connect ETIMEDOUT
2024-10-06 05:26:10 am | error | db_manager : GetDeviceState : Error: connect ETIMEDOUT
2024-10-06 05:26:11 am | error | db_manager : Error: connect ETIMEDOUT
2024-10-06 05:26:11 am | error | db_manager : GetDeviceState : Error: connect ETIMEDOUT
2024-10-06 05:26:11 am | error | db_manager : Error: connect ETIMEDOUT
2024-10-06 05:26:11 am | error | db_manager : GetDeviceState : Error: connect ETIMEDOUT
2024-10-06 05:26:12 am | error | db_manager : Error: connect ETIMEDOUT
2024-10-06 05:26:12 am | error | db_manager : GetDeviceState : Error: connect ETIMEDOUT
2024-10-06 05:26:13 am | error | db_manager : Error: connect ETIMEDOUT
2024-10-06 05:26:13 am | error | db_manager : GetDeviceState : Error: connect ETIMEDOUT
2024-10-06 05:26:14 am | error | db_manager : Error: connect ETIMEDOUT
2024-10-06 05:26:14 am | error | db_manager : GetDeviceState : Error: connect ETIMEDOUT
2024-10-06 05:26:15 am | error | db_manager : Error: connect ETIMEDOUT
2024-10-06 05:26:15 am | error | db_manager : GetDeviceState : Error: connect ETIMEDOUT
2024-10-06 05:26:17 am | error | db_manager : Error: connect ETIMEDOUT
2024-10-06 05:26:17 am | error | db_manager : GetDeviceState : Error: connect ETIMEDOUT
2024-10-06 05:26:18 am | error | db_manager : Error: connect ETIMEDOUT
2024-10-06 05:26:18 am | error | db_manager : GetDeviceState : Error: connect ETIMEDOUT
2024-10-06 05:26:19 am | error | db_manager : Error: connect ETIMEDOUT
2024-10-06 05:26:19 am | error | db_manager : GetDeviceState : Error: connect ETIMEDOUT
2024-10-06 05:26:20 am | error | db_manager : Error: connect ETIMEDOUT
2024-10-06 05:26:20 am | error | db_manager : GetDeviceState : Error: connect ETIMEDOUT
2024-10-06 05:26:21 am | error | db_manager : Error: connect ETIMEDOUT
2024-10-06 05:26:21 am | error | db_manager : GetDeviceState : Error: connect ETIMEDOUT
2024-10-06 05:26:21 am | error | db_manager : Error: connect ETIMEDOUT
2024-10-06 05:26:21 am | error | db_manager : GetDeviceState : Error: connect ETIMEDOUT
2024-10-06 05:26:22 am | error | db_manager : Error: connect ETIMEDOUT
2024-10-06 05:26:22 am | error | db_manager : SaveDummyData : undefined 
  Error: connect ETIMEDOUT
2024-10-06 05:26:23 am | error | db_manager : Error: connect ETIMEDOUT
2024-10-06 05:26:23 am | error | db_manager : GetDeviceState : Error: connect ETIMEDOUT
2024-10-06 05:26:24 am | error | db_manager : Error: connect ETIMEDOUT
2024-10-06 05:26:24 am | error | db_manager : GetDeviceState : Error: connect ETIMEDOUT
2024-10-06 05:26:25 am | error | db_manager : Error: connect ETIMEDOUT
2024-10-06 05:26:25 am | error | db_manager : GetDeviceState : Error: connect ETIMEDOUT
2024-10-06 05:26:27 am | error | db_manager : Error: connect ETIMEDOUT
2024-10-06 05:26:27 am | error | db_manager : GetDeviceState : Error: connect ETIMEDOUT
2024-10-06 05:26:28 am | error | db_manager : Error: connect ETIMEDOUT
2024-10-06 05:26:28 am | error | db_manager : GetDeviceState : Error: connect ETIMEDOUT
2024-10-06 05:26:29 am | error | db_manager : Error: connect ETIMEDOUT
2024-10-06 05:26:29 am | error | db_manager : GetDeviceState : Error: connect ETIMEDOUT
2024-10-06 05:26:30 am | error | db_manager : Error: connect ETIMEDOUT
2024-10-06 05:26:30 am | error | db_manager : GetDeviceState : Error: connect ETIMEDOUT
2024-10-06 05:26:31 am | error | db_manager : Error: connect ETIMEDOUT
2024-10-06 05:26:31 am | error | db_manager : GetDeviceState : Error: connect ETIMEDOUT
2024-10-06 05:26:31 am | error | db_manager : Error: connect ETIMEDOUT
2024-10-06 05:26:31 am | error | db_manager : GetDeviceState : Error: connect ETIMEDOUT
2024-10-06 05:26:32 am | error | db_manager : Error: connect ETIMEDOUT
2024-10-06 05:26:32 am | error | db_manager : GetDeviceState : Error: connect ETIMEDOUT
2024-10-06 05:26:33 am | error | db_manager : Error: connect ETIMEDOUT
2024-10-06 05:26:33 am | error | db_manager : GetDeviceState : Error: connect ETIMEDOUT
