2024-10-07 08:55:44 am | info | genix : Socket IO server listening on port 3000
2024-10-07 08:58:23 am | info | genix : Socket IO server listening on port 3000
2024-10-07 09:20:51 am | http | ::1 - - "POST /api/saveDummyData HTTP/1.1" 404 157

2024-10-07 09:21:05 am | http | ::1 - - "POST /api/saveDummyData HTTP/1.1" 404 157

2024-10-07 09:21:26 am | http | ::1 - - "POST /api/saveDummyDataArray HTTP/1.1" 500 45

2024-10-07 09:22:01 am | http | ::1 - - "POST /api/saveDummyDataArray HTTP/1.1" 500 45

2024-10-07 09:22:39 am | info | genix : Socket IO server listening on port 3000
2024-10-07 09:22:42 am | http | ::1 - - "POST /api/saveDummyDataArray HTTP/1.1" 500 45

2024-10-07 09:25:08 am | info | genix : Socket IO server listening on port 3000
2024-10-07 09:27:05 am | info | genix : Socket IO server listening on port 3000
2024-10-07 09:27:07 am | http | ::1 - - "POST /api/saveDummyDataArray HTTP/1.1" 500 45

2024-10-07 09:27:19 am | info | genix : Socket IO server listening on port 3000
2024-10-07 09:27:23 am | http | ::1 - - "POST /api/saveDummyDataArray HTTP/1.1" 200 42

2024-10-07 09:27:43 am | http | ::1 - - "POST /api/saveDummyDataArray HTTP/1.1" 200 42

2024-10-07 10:07:30 am | http | ::1 - - "POST /api/saveDummyData HTTP/1.1" 404 157

2024-10-07 10:07:50 am | http | ::1 - - "POST /api/saveDummyDataArray HTTP/1.1" 200 42

2024-10-07 10:08:07 am | http | ::1 - - "POST /api//saveLogData HTTP/1.1" 200 46

2024-10-07 10:08:50 am | http | ::1 - - "POST /api//saveLogData HTTP/1.1" 200 46

2024-10-07 10:09:15 am | http | ::1 - - "POST /api//saveOceanData HTTP/1.1" 200 59

2024-10-07 10:09:29 am | http | ::1 - - "POST /api//saveOceanData HTTP/1.1" 200 59

2024-10-07 10:10:33 am | http | ::1 - - "POST /api//saveOceanData HTTP/1.1" 200 59

2024-10-07 10:12:39 am | http | ::1 - - "POST /api/saveDummyDataArray HTTP/1.1" 200 42

2024-10-07 10:14:55 am | info | genix : Socket IO server listening on port 3000
2024-10-07 10:15:02 am | http | ::1 - - "POST /api/saveDummyDataArray HTTP/1.1" 200 42

2024-10-07 10:15:15 am | http | ::1 - - "POST /api/saveDummyDataArray HTTP/1.1" 200 42

2024-10-07 10:43:45 am | http | ::1 - - "POST /api/saveDummyDataArray HTTP/1.1" 200 42

2024-10-07 10:44:41 am | http | ::1 - - "POST /api//saveLogData HTTP/1.1" 200 46

2024-10-07 10:45:24 am | http | ::1 - - "POST /api//saveOceanData HTTP/1.1" 200 59

2024-10-07 10:46:00 am | http | ::1 - - "POST /api/saveOceanData HTTP/1.1" 200 59

2024-10-07 10:46:24 am | http | ::1 - - "POST /api/saveOceanData HTTP/1.1" 400 47

2024-10-07 10:46:24 am | http | ::1 - - "POST /api/saveOceanData HTTP/1.1" 400 47

2024-10-07 10:46:31 am | http | ::1 - - "POST /api/saveOceanLogData HTTP/1.1" 200 52

2024-10-07 11:23:51 am | info | genix : Socket IO server listening on port 3000
2024-10-07 11:24:00 am | info | genix : Socket IO server listening on port 3000
2024-10-07 11:24:13 am | info | genix : Socket IO server listening on port 3000
2024-10-07 11:24:29 am | http | ::1 - - "POST /api/all-data HTTP/1.1" 404 152

2024-10-07 11:24:33 am | http | ::1 - - "GET /api/all-data HTTP/1.1" 404 151

2024-10-07 11:24:38 am | http | ::1 - - "GET /api/all-data HTTP/1.1" 404 151

2024-10-07 11:24:40 am | http | ::1 - - "GET /api/all-data HTTP/1.1" 404 151

2024-10-07 11:24:59 am | http | ::1 - - "GET /api/all-data HTTP/1.1" 404 151

2024-10-07 11:26:24 am | http | ::1 - - "GET /api/all-data HTTP/1.1" 404 151

2024-10-07 11:26:26 am | info | genix : Socket IO server listening on port 3000
2024-10-07 11:26:27 am | http | ::1 - - "GET /api/all-data HTTP/1.1" 404 151

2024-10-07 11:26:28 am | http | ::1 - - "GET /api/all-data HTTP/1.1" 404 151

2024-10-07 11:27:01 am | http | ::1 - - "GET /api/all-data HTTP/1.1" 404 151

2024-10-07 11:34:16 am | info | genix : Socket IO server listening on port 3000
2024-10-07 11:35:35 am | http | ::1 - - "GET /api/all-data HTTP/1.1" 404 151

2024-10-07 11:37:21 am | info | genix : Socket IO server listening on port 3000
2024-10-07 11:37:25 am | http | ::1 - - "GET /api/all-data HTTP/1.1" 404 151

2024-10-07 11:37:26 am | http | ::1 - - "GET /api/all-data HTTP/1.1" 404 151

2024-10-07 11:43:08 am | info | genix : Socket IO server listening on port 3000
2024-10-07 11:45:28 am | info | genix : Socket IO server listening on port 3000
2024-10-07 11:45:50 am | info | genix : Socket IO server listening on port 3000
2024-10-07 11:47:47 am | info | genix : Socket IO server listening on port 3000
2024-10-07 11:50:11 am | info | genix : Socket IO server listening on port 3000
2024-10-07 11:54:02 am | info | genix : Socket IO server listening on port 3000
2024-10-07 11:54:15 am | info | genix : Socket IO server listening on port 3000
2024-10-07 11:54:36 am | info | genix : Socket IO server listening on port 3000
2024-10-07 11:55:31 am | info | genix : Socket IO server listening on port 3000
2024-10-07 11:55:35 am | info | genix : Socket IO server listening on port 3000
2024-10-07 11:56:10 am | info | genix : Socket IO server listening on port 3000
2024-10-07 11:59:02 am | info | genix : Socket IO server listening on port 3000
2024-10-07 11:59:18 am | info | genix : Socket IO server listening on port 3000
2024-10-07 12:01:36 pm | info | genix : Socket IO server listening on port 3000
2024-10-07 12:48:29 pm | info | genix : Socket IO server listening on port 3000
2024-10-07 12:48:48 pm | info | genix : Socket IO server listening on port 3000
2024-10-07 12:54:24 pm | info | genix : Socket IO server listening on port 3000
2024-10-07 12:54:34 pm | info | genix : Socket IO server listening on port 3000
2024-10-07 12:54:39 pm | info | genix : Socket IO server listening on port 3000
2024-10-07 12:55:08 pm | info | genix : Socket IO server listening on port 3000
2024-10-07 12:56:55 pm | info | genix : Socket IO server listening on port 3000
2024-10-07 12:57:07 pm | info | genix : Socket IO server listening on port 3000
2024-10-07 12:57:16 pm | info | genix : Socket IO server listening on port 3000
2024-10-07 12:59:27 pm | info | genix : Socket IO server listening on port 3000
2024-10-07 13:00:57 pm | info | genix : Socket IO server listening on port 3000
2024-10-07 13:01:12 pm | info | genix : Socket IO server listening on port 3000
2024-10-07 13:01:31 pm | info | genix : Socket IO server listening on port 3000
2024-10-07 13:02:37 pm | info | genix : Socket IO server listening on port 3000
2024-10-07 13:03:19 pm | info | genix : Socket IO server listening on port 3000
2024-10-07 13:16:03 pm | info | genix : Socket IO server listening on port 3000
2024-10-07 13:16:10 pm | info | genix : Socket IO server listening on port 3000
2024-10-07 13:18:17 pm | info | genix : Socket IO server listening on port 3000
2024-10-07 13:20:56 pm | info | genix : Socket IO server listening on port 3000
2024-10-07 13:22:15 pm | info | genix : Socket IO server listening on port 3000
2024-10-07 13:24:57 pm | info | genix : Socket IO server listening on port 3000
2024-10-07 13:25:32 pm | info | genix : Socket IO server listening on port 3000
2024-10-07 13:25:58 pm | info | genix : Socket IO server listening on port 3000
2024-10-07 13:30:33 pm | info | genix : Socket IO server listening on port 3000
2024-10-07 13:31:32 pm | info | genix : Socket IO server listening on port 3000
2024-10-07 13:31:35 pm | info | genix : Socket IO server listening on port 3000
2024-10-07 13:33:19 pm | info | genix : Socket IO server listening on port 3000
2024-10-07 13:33:33 pm | info | genix : Socket IO server listening on port 3000
2024-10-07 13:36:30 pm | info | genix : Socket IO server listening on port 3000
2024-10-07 13:55:23 pm | info | genix : Socket IO server listening on port 3000
2024-10-07 13:56:09 pm | info | genix : Socket IO server listening on port 3000
2024-10-07 13:56:15 pm | info | genix : Socket IO server listening on port 3000
2024-10-07 13:56:42 pm | info | genix : Socket IO server listening on port 3000
2024-10-07 13:57:13 pm | info | genix : Socket IO server listening on port 3000
2024-10-07 13:57:15 pm | info | genix : Socket IO server listening on port 3000
2024-10-07 13:57:54 pm | info | genix : Socket IO server listening on port 3000
2024-10-07 13:57:57 pm | info | genix : Socket IO server listening on port 3000
2024-10-07 13:58:12 pm | info | genix : Socket IO server listening on port 3000
2024-10-07 13:58:42 pm | info | genix : Socket IO server listening on port 3000
2024-10-07 13:59:28 pm | info | genix : Socket IO server listening on port 3000
2024-10-07 14:00:29 pm | info | genix : Socket IO server listening on port 3000
2024-10-07 14:00:52 pm | info | genix : Socket IO server listening on port 3000
2024-10-07 14:06:30 pm | info | genix : Socket IO server listening on port 3000
2024-10-07 14:06:38 pm | info | genix : Socket IO server listening on port 3000
2024-10-07 14:07:41 pm | http | ::1 - - "POST /api//saveOceanData HTTP/1.1" 200 59

2024-10-07 14:08:38 pm | info | genix : Socket IO server listening on port 3000
2024-10-07 14:09:50 pm | info | genix : Socket IO server listening on port 3000
2024-10-07 14:09:55 pm | http | ::1 - - "POST /api/saveOceanData HTTP/1.1" 200 59

2024-10-07 14:10:32 pm | http | ::1 - - "POST /api/saveOceanData HTTP/1.1" 200 59

2024-10-07 14:13:41 pm | info | genix : Socket IO server listening on port 3000
2024-10-07 14:14:04 pm | info | genix : Socket IO server listening on port 3000
2024-10-07 14:14:20 pm | http | ::1 - - "POST /api/saveOceanData HTTP/1.1" 200 59

2024-10-07 14:14:52 pm | http | ::1 - - "POST /api/saveOceanLogData HTTP/1.1" 200 52

2024-10-07 14:15:17 pm | info | genix : Socket IO server listening on port 3000
2024-10-07 14:15:26 pm | http | ::1 - - "POST /api/saveOceanLogData HTTP/1.1" 200 52

2024-10-07 14:15:34 pm | http | ::1 - - "POST /api/saveOceanData HTTP/1.1" 200 59

2024-10-07 14:19:03 pm | info | genix : Socket IO server listening on port 3000
2024-10-07 14:19:47 pm | info | genix : Socket IO server listening on port 3000
2024-10-07 14:19:52 pm | http | ::1 - - "POST /api/saveOceanData HTTP/1.1" 200 59

2024-10-07 14:21:38 pm | http | ::1 - - "POST /api//saveOceanData HTTP/1.1" 200 59

2024-10-07 14:22:07 pm | http | ::1 - - "POST /api/saveDummyDataArray HTTP/1.1" 200 42

2024-10-07 14:22:23 pm | http | ::1 - - "POST /api/saveDummyDataArray HTTP/1.1" 200 42

2024-10-07 14:22:30 pm | http | ::1 - - "POST /api//saveOceanData HTTP/1.1" 500 62

2024-10-07 14:22:42 pm | http | ::1 - - "POST /api//saveOceanData HTTP/1.1" 200 59

2024-10-07 14:23:30 pm | http | ::1 - - "POST /api/saveLogData HTTP/1.1" 200 46

2024-10-07 14:23:43 pm | http | ::1 - - "POST /api/saveLogData HTTP/1.1" 400 47

2024-10-07 14:24:18 pm | http | ::1 - - "POST /api/saveLogData HTTP/1.1" 400 47

2024-10-07 14:29:15 pm | info | genix : Socket IO server listening on port 3000
2024-10-07 14:29:30 pm | info | genix : Socket IO server listening on port 3000
2024-10-07 14:29:31 pm | http | ::1 - - "POST /api/saveLogData HTTP/1.1" 400 47

2024-10-07 14:29:41 pm | http | ::1 - - "POST /api/saveLogData HTTP/1.1" 400 47

2024-10-07 14:30:00 pm | http | ::1 - - "POST /api/saveOceanData HTTP/1.1" 400 47

2024-10-07 14:30:12 pm | http | ::1 - - "POST /api/saveLogData HTTP/1.1" 400 47

2024-10-07 14:31:45 pm | http | ::1 - - "POST /api/saveLogData HTTP/1.1" 200 46

2024-10-07 14:32:10 pm | http | ::1 - - "POST /api/saveOceanLogData HTTP/1.1" 200 52

2024-10-07 14:32:51 pm | info | genix : Socket IO server listening on port 3000
2024-10-07 14:33:17 pm | http | ::1 - - "POST /api/saveOceanLogData HTTP/1.1" 200 52

2024-10-07 14:38:35 pm | http | ::1 - - "POST /api/logs HTTP/1.1" 404 148

2024-10-07 14:42:20 pm | info | genix : Socket IO server listening on port 3000
2024-10-07 14:48:19 pm | info | genix : Socket IO server listening on port 3000
2024-10-07 14:54:27 pm | info | genix : Socket IO server listening on port 3000
2024-10-07 15:04:21 pm | info | genix : Socket IO server listening on port 3000
2024-10-07 15:06:11 pm | info | genix : Socket IO server listening on port 3000
2024-10-07 15:11:03 pm | info | genix : Socket IO server listening on port 3000
2024-10-07 15:14:45 pm | info | genix : Socket IO server listening on port 3000
2024-10-07 15:17:15 pm | info | genix : Socket IO server listening on port 3000
2024-10-07 15:19:41 pm | info | genix : Socket IO server listening on port 3000
2024-10-07 15:19:54 pm | info | genix : Socket IO server listening on port 3000
2024-10-07 15:22:43 pm | info | genix : Socket IO server listening on port 3000
2024-10-07 15:23:33 pm | info | genix : Socket IO server listening on port 3000
2024-10-07 15:25:40 pm | info | genix : Socket IO server listening on port 3000
2024-10-07 15:28:05 pm | info | genix : Socket IO server listening on port 3000
2024-10-07 15:35:34 pm | info | genix : Socket IO server listening on port 3000
2024-10-07 15:35:47 pm | http | ::1 - - "GET /api/ocean/7 HTTP/1.1" 500 48

2024-10-07 15:35:57 pm | http | ::1 - - "GET /api/ocean/1 HTTP/1.1" 500 48

2024-10-07 15:37:34 pm | info | genix : Socket IO server listening on port 3000
2024-10-07 15:42:15 pm | info | genix : Socket IO server listening on port 3000
2024-10-07 15:44:06 pm | info | genix : Socket IO server listening on port 3000
2024-10-07 15:44:20 pm | http | ::1 - - "GET /service/logs HTTP/1.1" 404 151

2024-10-07 15:44:37 pm | info | genix : Socket IO server listening on port 3000
2024-10-07 15:44:58 pm | http | ::1 - - "GET /api/logs HTTP/1.1" 404 147

2024-10-07 15:46:11 pm | info | genix : Socket IO server listening on port 3000
2024-10-07 15:46:14 pm | http | ::1 - - "GET /service/logs HTTP/1.1" 500 55

2024-10-07 15:47:04 pm | info | genix : Socket IO server listening on port 3000
2024-10-07 15:47:07 pm | http | ::1 - - "GET /service/logs HTTP/1.1" 200 1720

2024-10-07 15:49:02 pm | info | genix : Socket IO server listening on port 3000
2024-10-07 16:04:12 pm | http | 192.168.0.232 - - "GET /service/logs HTTP/1.1" 200 1720

2024-10-07 16:04:57 pm | http | 192.168.0.232 - - "GET /service/air/1 HTTP/1.1" 200 297

2024-10-07 16:05:28 pm | http | 192.168.0.232 - - "GET /service/air/1 HTTP/1.1" 200 283

2024-10-07 16:05:52 pm | http | 192.168.0.232 - - "GET /service/air/2 HTTP/1.1" 200 283

2024-10-07 16:06:13 pm | http | 192.168.0.232 - - "GET /service/air/3 HTTP/1.1" 200 283

2024-10-07 16:06:15 pm | http | 192.168.0.232 - - "GET /service/air/4 HTTP/1.1" 200 283

2024-10-07 16:06:16 pm | http | 192.168.0.232 - - "GET /service/air/5 HTTP/1.1" 200 283

2024-10-07 16:06:26 pm | http | 192.168.0.232 - - "GET /service/ocean/6 HTTP/1.1" 200 143

2024-10-07 16:06:28 pm | http | 192.168.0.232 - - "GET /service/ocean/7 HTTP/1.1" 200 143

2024-10-07 16:08:14 pm | http | 192.168.0.232 - - "GET /service/ocean/7 HTTP/1.1" 200 140

2024-10-07 16:09:41 pm | http | 192.168.0.232 - - "GET /service/air/1 HTTP/1.1" 200 283

2024-10-07 16:11:42 pm | http | 192.168.0.232 - - "GET /service/logs HTTP/1.1" 200 1720

2024-10-07 16:11:50 pm | http | 192.168.0.232 - - "GET /service/air/1 HTTP/1.1" 200 283

2024-10-07 16:12:14 pm | http | 192.168.0.232 - - "GET /service/air/1 HTTP/1.1" 200 283

2024-10-07 16:13:14 pm | http | 192.168.0.232 - - "GET /service/air/1 HTTP/1.1" 200 299

2024-10-07 16:14:56 pm | http | 192.168.0.224 - - "GET /service/logs HTTP/1.1" 200 1720

2024-10-07 16:14:56 pm | http | 192.168.0.224 - - "GET /favicon.ico HTTP/1.1" 404 150

2024-10-07 16:15:33 pm | http | 192.168.0.224 - - "GET /service/air/3 HTTP/1.1" 200 299

2024-10-07 16:15:36 pm | http | 192.168.0.224 - - "GET /service/ocean/6 HTTP/1.1" 200 140

2024-10-07 16:15:42 pm | http | 192.168.0.224 - - "GET /service/ocean/7 HTTP/1.1" 200 140

2024-10-07 16:26:41 pm | http | 192.168.0.232 - - "GET /service/air/1 HTTP/1.1" 200 299

2024-10-07 16:46:35 pm | http | 192.168.0.27 - - "GET /service/logs HTTP/1.1" 200 1720

2024-10-07 16:46:35 pm | http | 192.168.0.27 - - "GET /service/logs HTTP/1.1" 200 1720

2024-10-07 16:46:37 pm | http | 192.168.0.27 - - "GET /service/logs HTTP/1.1" 200 1720

2024-10-07 16:46:37 pm | http | 192.168.0.27 - - "GET /favicon.ico HTTP/1.1" 404 150

2024-10-07 16:47:08 pm | http | 192.168.0.27 - - "GET /service/logs HTTP/1.1" 200 1720

2024-10-07 16:47:11 pm | http | 192.168.0.27 - - "GET /service/logs HTTP/1.1" 304 -

2024-10-07 16:47:39 pm | http | 192.168.0.27 - - "GET /service/logs HTTP/1.1" 200 1720

2024-10-07 16:47:47 pm | http | 192.168.0.27 - - "GET /service/logs HTTP/1.1" 200 1720

2024-10-07 16:47:47 pm | http | 192.168.0.27 - - "GET /service/logs HTTP/1.1" 200 1720

2024-10-07 16:50:08 pm | http | 192.168.0.27 - - "GET /service/logs HTTP/1.1" 200 1720

2024-10-07 16:50:09 pm | http | 192.168.0.27 - - "GET /service/logs HTTP/1.1" 200 1720

2024-10-07 16:50:10 pm | http | 192.168.0.27 - - "GET /service/logs HTTP/1.1" 200 1720

2024-10-07 16:50:13 pm | http | 192.168.0.27 - - "GET /service/logs HTTP/1.1" 200 1720

2024-10-07 16:50:21 pm | http | 192.168.0.27 - - "GET /service/logs HTTP/1.1" 304 -

2024-10-07 16:50:22 pm | http | 192.168.0.27 - - "GET /service/logs HTTP/1.1" 200 1720

2024-10-07 16:50:22 pm | http | 192.168.0.27 - - "GET /service/logs HTTP/1.1" 200 1720

2024-10-07 16:50:23 pm | http | 192.168.0.27 - - "GET /service/logs HTTP/1.1" 304 -

2024-10-07 16:50:24 pm | http | 192.168.0.27 - - "GET /service/logs HTTP/1.1" 200 1720

2024-10-07 16:50:24 pm | http | 192.168.0.27 - - "GET /service/logs HTTP/1.1" 200 1720

2024-10-07 16:50:25 pm | http | 192.168.0.27 - - "GET /service/air/1 HTTP/1.1" 200 299

2024-10-07 16:50:26 pm | http | 192.168.0.27 - - "GET /service/logs HTTP/1.1" 200 1720

2024-10-07 16:50:26 pm | http | 192.168.0.27 - - "GET /service/logs HTTP/1.1" 200 1720

2024-10-07 16:50:27 pm | http | 192.168.0.27 - - "GET /service/logs HTTP/1.1" 304 -

2024-10-07 16:50:27 pm | http | 192.168.0.27 - - "GET /service/logs HTTP/1.1" 200 1720

2024-10-07 17:21:57 pm | http | 192.168.0.232 - - "GET /api/saveAirData HTTP/1.1" 404 154

2024-10-07 17:22:23 pm | http | 192.168.0.232 - - "POST /api/saveAirData HTTP/1.1" 200 46

